2021-10-18 18:32:56.630 [restartedMain] INFO  com.origin.admin.OriginAdminApplication - Starting OriginAdminApplication using Java 1.8.0_212 on MrTen.local with PID 96297 (/Users/UserTen/滕雷工作站/AllProjectFile/origin/origin-admin/target/classes started by mrteng in /Users/UserTen/滕雷工作站/AllProjectFile/origin)
2021-10-18 18:32:56.632 [restartedMain] INFO  com.origin.admin.OriginAdminApplication - The following profiles are active: druid
2021-10-18 18:32:56.675 [restartedMain] INFO  o.s.b.d.env.DevToolsPropertyDefaultsPostProcessor - Devtools property defaults active! Set 'spring.devtools.add-properties' to 'false' to disable
2021-10-18 18:32:56.676 [restartedMain] INFO  o.s.b.d.env.DevToolsPropertyDefaultsPostProcessor - For additional web related logging consider setting the 'logging.level.web' property to 'DEBUG'
2021-10-18 18:32:57.644 [restartedMain] INFO  o.s.d.r.config.RepositoryConfigurationDelegate - Multiple Spring Data modules found, entering strict repository configuration mode!
2021-10-18 18:32:57.647 [restartedMain] INFO  o.s.d.r.config.RepositoryConfigurationDelegate - Bootstrapping Spring Data Redis repositories in DEFAULT mode.
2021-10-18 18:32:57.682 [restartedMain] INFO  o.s.d.r.config.RepositoryConfigurationDelegate - Finished Spring Data repository scanning in 18 ms. Found 0 Redis repository interfaces.
2021-10-18 18:32:57.877 [restartedMain] INFO  o.s.c.s.PostProcessorRegistrationDelegate$BeanPostProcessorChecker - Bean 'org.apache.shiro.spring.boot.autoconfigure.ShiroBeanAutoConfiguration' of type [org.apache.shiro.spring.boot.autoconfigure.ShiroBeanAutoConfiguration$$EnhancerBySpringCGLIB$$6611187a] is not eligible for getting processed by all BeanPostProcessors (for example: not eligible for auto-proxying)
2021-10-18 18:32:57.887 [restartedMain] INFO  o.s.c.s.PostProcessorRegistrationDelegate$BeanPostProcessorChecker - Bean 'org.apache.shiro.spring.boot.autoconfigure.ShiroAnnotationProcessorAutoConfiguration' of type [org.apache.shiro.spring.boot.autoconfigure.ShiroAnnotationProcessorAutoConfiguration$$EnhancerBySpringCGLIB$$68a4571f] is not eligible for getting processed by all BeanPostProcessors (for example: not eligible for auto-proxying)
2021-10-18 18:32:58.113 [restartedMain] INFO  o.s.c.s.PostProcessorRegistrationDelegate$BeanPostProcessorChecker - Bean 'shiroConfig' of type [com.origin.admin.config.ShiroConfig$$EnhancerBySpringCGLIB$$c7c8ef70] is not eligible for getting processed by all BeanPostProcessors (for example: not eligible for auto-proxying)
2021-10-18 18:32:58.154 [restartedMain] INFO  com.origin.admin.utils.shiro.RedisCacheManager - RedisCacheManager.cacheName:com.origin.admin.utils.shiro.CustomerRealm.authorizationCache
2021-10-18 18:32:58.158 [restartedMain] INFO  com.origin.admin.utils.shiro.RedisCacheManager - RedisCacheManager.cacheName:authenticationCache
2021-10-18 18:32:58.158 [restartedMain] INFO  o.s.c.s.PostProcessorRegistrationDelegate$BeanPostProcessorChecker - Bean 'getRealm' of type [com.origin.admin.utils.shiro.CustomerRealm] is not eligible for getting processed by all BeanPostProcessors (for example: not eligible for auto-proxying)
2021-10-18 18:32:58.333 [restartedMain] INFO  o.s.c.s.PostProcessorRegistrationDelegate$BeanPostProcessorChecker - Bean 'getDefaultWebSecurityManager' of type [org.apache.shiro.web.mgt.DefaultWebSecurityManager] is not eligible for getting processed by all BeanPostProcessors (for example: not eligible for auto-proxying)
2021-10-18 18:32:58.356 [restartedMain] INFO  o.s.c.s.PostProcessorRegistrationDelegate$BeanPostProcessorChecker - Bean 'authorizationAttributeSourceAdvisor' of type [org.apache.shiro.spring.security.interceptor.AuthorizationAttributeSourceAdvisor] is not eligible for getting processed by all BeanPostProcessors (for example: not eligible for auto-proxying)
2021-10-18 18:32:58.366 [restartedMain] INFO  o.s.c.s.PostProcessorRegistrationDelegate$BeanPostProcessorChecker - Bean 'eventBus' of type [org.apache.shiro.event.support.DefaultEventBus] is not eligible for getting processed by all BeanPostProcessors (for example: not eligible for auto-proxying)
2021-10-18 18:32:58.795 [restartedMain] INFO  o.s.boot.web.embedded.tomcat.TomcatWebServer - Tomcat initialized with port(s): 8100 (http)
2021-10-18 18:32:58.805 [restartedMain] INFO  org.apache.coyote.http11.Http11NioProtocol - Initializing ProtocolHandler ["http-nio-8100"]
2021-10-18 18:32:58.805 [restartedMain] INFO  org.apache.catalina.core.StandardService - Starting service [Tomcat]
2021-10-18 18:32:58.805 [restartedMain] INFO  org.apache.catalina.core.StandardEngine - Starting Servlet engine: [Apache Tomcat/9.0.50]
2021-10-18 18:32:58.864 [restartedMain] INFO  o.a.c.core.ContainerBase.[Tomcat].[localhost].[/] - Initializing Spring embedded WebApplicationContext
2021-10-18 18:32:58.865 [restartedMain] INFO  o.s.b.w.s.c.ServletWebServerApplicationContext - Root WebApplicationContext: initialization completed in 2189 ms
2021-10-18 18:32:59.908 [restartedMain] INFO  s.d.s.w.PropertySourcedRequestMappingHandlerMapping - Mapped URL path [/v2/api-docs] onto method [springfox.documentation.swagger2.web.Swagger2Controller#getDocumentation(String, HttpServletRequest)]
2021-10-18 18:33:00.249 [restartedMain] INFO  o.s.b.d.autoconfigure.OptionalLiveReloadServer - LiveReload server is running on port 35729
2021-10-18 18:33:00.970 [restartedMain] INFO  org.apache.coyote.http11.Http11NioProtocol - Starting ProtocolHandler ["http-nio-8100"]
2021-10-18 18:33:01.006 [restartedMain] INFO  o.s.boot.web.embedded.tomcat.TomcatWebServer - Tomcat started on port(s): 8100 (http) with context path ''
2021-10-18 18:33:01.007 [restartedMain] INFO  s.d.s.web.plugins.DocumentationPluginsBootstrapper - Context refreshed
2021-10-18 18:33:01.023 [restartedMain] INFO  s.d.s.web.plugins.DocumentationPluginsBootstrapper - Found 1 custom documentation plugin(s)
2021-10-18 18:33:01.047 [restartedMain] INFO  s.d.spring.web.scanners.ApiListingReferenceScanner - Scanning for api listing references
2021-10-18 18:33:01.185 [restartedMain] INFO  com.origin.admin.OriginAdminApplication - Started OriginAdminApplication in 4.904 seconds (JVM running for 5.586)
2021-10-18 18:33:01.189 [restartedMain] INFO  com.origin.admin.config.StartFinishesLoading - Swagger访问地址：http://127.0.0.1:8100/swagger-ui.html
2021-10-18 18:33:02.009 [http-nio-8100-exec-1] INFO  o.a.c.core.ContainerBase.[Tomcat].[localhost].[/] - Initializing Spring DispatcherServlet 'dispatcherServlet'
2021-10-18 18:33:02.010 [http-nio-8100-exec-1] INFO  org.springframework.web.servlet.DispatcherServlet - Initializing Servlet 'dispatcherServlet'
2021-10-18 18:33:02.012 [http-nio-8100-exec-1] INFO  org.springframework.web.servlet.DispatcherServlet - Completed initialization in 2 ms
2021-10-18 19:01:56.433 [SpringContextShutdownHook] INFO  com.alibaba.druid.pool.DruidDataSource - {dataSource-0} closing ...
