2021-09-30 20:25:20.828 [restartedMain] WARN  o.s.b.w.s.c.AnnotationConfigServletWebServerApplicationContext - Exception encountered during context initialization - cancelling refresh attempt: org.springframework.beans.factory.UnsatisfiedDependencyException: Error creating bean with name 'redisUtil': Unsatisfied dependency expressed through field 'redisTemplates'; nested exception is org.springframework.beans.factory.NoUniqueBeanDefinitionException: No qualifying bean of type 'org.springframework.data.redis.core.RedisTemplate<?, ?>' available: expected single matching bean but found 2: redisTemplate,stringRedisTemplate
2021-09-30 20:25:20.861 [restartedMain] ERROR o.s.b.diagnostics.LoggingFailureAnalysisReporter - 

***************************
APPLICATION FAILED TO START
***************************

Description:

Field redisTemplates in com.origin.admin.utils.redis.RedisUtil required a single bean, but 2 were found:
	- redisTemplate: defined by method 'redisTemplate' in class path resource [org/springframework/boot/autoconfigure/data/redis/RedisAutoConfiguration.class]
	- stringRedisTemplate: defined by method 'stringRedisTemplate' in class path resource [org/springframework/boot/autoconfigure/data/redis/RedisAutoConfiguration.class]


Action:

Consider marking one of the beans as @Primary, updating the consumer to accept multiple beans, or using @Qualifier to identify the bean that should be consumed

2021-09-30 20:27:16.511 [restartedMain] WARN  o.s.b.w.s.c.AnnotationConfigServletWebServerApplicationContext - Exception encountered during context initialization - cancelling refresh attempt: org.springframework.beans.factory.UnsatisfiedDependencyException: Error creating bean with name 'redisUtil': Unsatisfied dependency expressed through field 'redisTemplates'; nested exception is org.springframework.beans.factory.NoUniqueBeanDefinitionException: No qualifying bean of type 'org.springframework.data.redis.core.RedisTemplate<?, ?>' available: expected single matching bean but found 2: redisTemplate,stringRedisTemplate
2021-09-30 20:27:16.538 [restartedMain] ERROR o.s.b.diagnostics.LoggingFailureAnalysisReporter - 

***************************
APPLICATION FAILED TO START
***************************

Description:

Field redisTemplates in com.origin.admin.utils.redis.RedisUtil required a single bean, but 2 were found:
	- redisTemplate: defined by method 'redisTemplate' in class path resource [org/springframework/boot/autoconfigure/data/redis/RedisAutoConfiguration.class]
	- stringRedisTemplate: defined by method 'stringRedisTemplate' in class path resource [org/springframework/boot/autoconfigure/data/redis/RedisAutoConfiguration.class]


Action:

Consider marking one of the beans as @Primary, updating the consumer to accept multiple beans, or using @Qualifier to identify the bean that should be consumed

2021-09-30 20:30:00.579 [restartedMain] WARN  o.s.b.w.s.c.AnnotationConfigServletWebServerApplicationContext - Exception encountered during context initialization - cancelling refresh attempt: org.springframework.beans.factory.UnsatisfiedDependencyException: Error creating bean with name 'loadRedisUtil': Unsatisfied dependency expressed through field 'redisTemplates'; nested exception is org.springframework.beans.factory.NoUniqueBeanDefinitionException: No qualifying bean of type 'org.springframework.data.redis.core.RedisTemplate<?, ?>' available: expected single matching bean but found 2: redisTemplate,stringRedisTemplate
2021-09-30 20:30:00.606 [restartedMain] ERROR o.s.b.diagnostics.LoggingFailureAnalysisReporter - 

***************************
APPLICATION FAILED TO START
***************************

Description:

Field redisTemplates in com.origin.admin.utils.redis.RedisUtil required a single bean, but 2 were found:
	- redisTemplate: defined by method 'redisTemplate' in class path resource [org/springframework/boot/autoconfigure/data/redis/RedisAutoConfiguration.class]
	- stringRedisTemplate: defined by method 'stringRedisTemplate' in class path resource [org/springframework/boot/autoconfigure/data/redis/RedisAutoConfiguration.class]


Action:

Consider marking one of the beans as @Primary, updating the consumer to accept multiple beans, or using @Qualifier to identify the bean that should be consumed

2021-09-30 20:31:00.122 [restartedMain] WARN  o.s.b.w.s.c.AnnotationConfigServletWebServerApplicationContext - Exception encountered during context initialization - cancelling refresh attempt: org.springframework.beans.factory.BeanCreationException: Error creating bean with name 'redisTemplate' defined in class path resource [com/origin/admin/utils/redis/RedisUtil.class]: Bean instantiation via factory method failed; nested exception is org.springframework.beans.BeanInstantiationException: Failed to instantiate [org.springframework.data.redis.core.RedisTemplate]: Factory method 'redisTemplate' threw exception; nested exception is org.springframework.beans.factory.BeanCurrentlyInCreationException: Error creating bean with name 'redisTemplate': Requested bean is currently in creation: Is there an unresolvable circular reference?
2021-09-30 20:31:00.162 [restartedMain] ERROR o.s.b.diagnostics.LoggingFailureAnalysisReporter - 

***************************
APPLICATION FAILED TO START
***************************

Description:

The dependencies of some of the beans in the application context form a cycle:

┌──->──┐
|  redisTemplate defined in class path resource [com/origin/admin/utils/redis/RedisUtil.class]
└──<-──┘


