2021-09-28 16:17:23.206 [http-nio-8100-exec-3] WARN  o.s.w.s.m.m.a.ExceptionHandlerExceptionResolver - Resolved [org.springframework.http.converter.HttpMessageConversionException: Type definition error: [simple type, class javax.servlet.http.HttpSession]; nested exception is com.fasterxml.jackson.databind.exc.InvalidDefinitionException: Cannot construct instance of `javax.servlet.http.HttpSession` (no Creators, like default constructor, exist): abstract types either need to be mapped to concrete types, have custom deserializer, or contain additional type information
 at [Source: (PushbackInputStream); line: 1, column: 1]]
2021-09-28 16:52:06.019 [restartedMain] WARN  o.s.b.w.s.c.AnnotationConfigServletWebServerApplicationContext - Exception encountered during context initialization - cancelling refresh attempt: org.springframework.beans.factory.UnsatisfiedDependencyException: Error creating bean with name 'adminLoginController': Unsatisfied dependency expressed through field 'iAdminUserService'; nested exception is org.springframework.beans.factory.UnsatisfiedDependencyException: Error creating bean with name 'adminUserServiceImpl': Unsatisfied dependency expressed through field 'adminUserMapper'; nested exception is org.springframework.beans.factory.NoSuchBeanDefinitionException: No qualifying bean of type 'com.origin.admin.mapper.auto.AdminUserMapper' available: expected at least 1 bean which qualifies as autowire candidate. Dependency annotations: {@org.springframework.beans.factory.annotation.Autowired(required=true)}
2021-09-28 16:52:06.056 [restartedMain] ERROR o.s.b.diagnostics.LoggingFailureAnalysisReporter - 

***************************
APPLICATION FAILED TO START
***************************

Description:

Field adminUserMapper in com.origin.admin.service.impl.AdminUserServiceImpl required a bean of type 'com.origin.admin.mapper.auto.AdminUserMapper' that could not be found.

The injection point has the following annotations:
	- @org.springframework.beans.factory.annotation.Autowired(required=true)


Action:

Consider defining a bean of type 'com.origin.admin.mapper.auto.AdminUserMapper' in your configuration.

2021-09-28 16:53:00.873 [restartedMain] WARN  o.s.b.w.s.c.AnnotationConfigServletWebServerApplicationContext - Exception encountered during context initialization - cancelling refresh attempt: org.springframework.beans.factory.UnsatisfiedDependencyException: Error creating bean with name 'adminLoginController': Unsatisfied dependency expressed through field 'iAdminUserService'; nested exception is org.springframework.beans.factory.UnsatisfiedDependencyException: Error creating bean with name 'adminUserServiceImpl': Unsatisfied dependency expressed through field 'adminUserMapper'; nested exception is org.springframework.beans.factory.NoSuchBeanDefinitionException: No qualifying bean of type 'com.origin.admin.mapper.auto.AdminUserMapper' available: expected at least 1 bean which qualifies as autowire candidate. Dependency annotations: {@org.springframework.beans.factory.annotation.Autowired(required=true)}
2021-09-28 16:53:00.904 [restartedMain] ERROR o.s.b.diagnostics.LoggingFailureAnalysisReporter - 

***************************
APPLICATION FAILED TO START
***************************

Description:

Field adminUserMapper in com.origin.admin.service.impl.AdminUserServiceImpl required a bean of type 'com.origin.admin.mapper.auto.AdminUserMapper' that could not be found.

The injection point has the following annotations:
	- @org.springframework.beans.factory.annotation.Autowired(required=true)


Action:

Consider defining a bean of type 'com.origin.admin.mapper.auto.AdminUserMapper' in your configuration.

2021-09-28 17:06:12.204 [http-nio-8100-exec-10] WARN  o.s.w.s.m.m.a.ExceptionHandlerExceptionResolver - Resolved [java.lang.NullPointerException]
2021-09-28 17:09:03.530 [http-nio-8100-exec-10] WARN  o.s.w.s.m.m.a.ExceptionHandlerExceptionResolver - Resolved [java.lang.NullPointerException]
