2021-09-30 00:06:28.725 [SpringContextShutdownHook] INFO  com.alibaba.druid.pool.DruidDataSource - {dataSource-0} closing ...
2021-09-30 20:25:18.569 [restartedMain] INFO  com.origin.admin.OriginAdminApplication - Starting OriginAdminApplication using Java 1.8.0_212 on MrTen.local with PID 28167 (/Users/UserTen/滕雷工作站/AllProjectFile/origin/origin-admin/target/classes started by mrteng in /Users/UserTen/滕雷工作站/AllProjectFile/origin)
2021-09-30 20:25:18.571 [restartedMain] INFO  com.origin.admin.OriginAdminApplication - The following profiles are active: druid
2021-09-30 20:25:18.609 [restartedMain] INFO  o.s.b.d.env.DevToolsPropertyDefaultsPostProcessor - Devtools property defaults active! Set 'spring.devtools.add-properties' to 'false' to disable
2021-09-30 20:25:18.609 [restartedMain] INFO  o.s.b.d.env.DevToolsPropertyDefaultsPostProcessor - For additional web related logging consider setting the 'logging.level.web' property to 'DEBUG'
2021-09-30 20:25:19.361 [restartedMain] INFO  o.s.d.r.config.RepositoryConfigurationDelegate - Multiple Spring Data modules found, entering strict repository configuration mode!
2021-09-30 20:25:19.363 [restartedMain] INFO  o.s.d.r.config.RepositoryConfigurationDelegate - Bootstrapping Spring Data Redis repositories in DEFAULT mode.
2021-09-30 20:25:19.390 [restartedMain] INFO  o.s.d.r.config.RepositoryConfigurationDelegate - Finished Spring Data repository scanning in 17 ms. Found 0 Redis repository interfaces.
2021-09-30 20:25:19.532 [restartedMain] INFO  o.s.c.s.PostProcessorRegistrationDelegate$BeanPostProcessorChecker - Bean 'org.apache.shiro.spring.boot.autoconfigure.ShiroBeanAutoConfiguration' of type [org.apache.shiro.spring.boot.autoconfigure.ShiroBeanAutoConfiguration$$EnhancerBySpringCGLIB$$c2185b05] is not eligible for getting processed by all BeanPostProcessors (for example: not eligible for auto-proxying)
2021-09-30 20:25:19.540 [restartedMain] INFO  o.s.c.s.PostProcessorRegistrationDelegate$BeanPostProcessorChecker - Bean 'org.apache.shiro.spring.boot.autoconfigure.ShiroAnnotationProcessorAutoConfiguration' of type [org.apache.shiro.spring.boot.autoconfigure.ShiroAnnotationProcessorAutoConfiguration$$EnhancerBySpringCGLIB$$c4ab99aa] is not eligible for getting processed by all BeanPostProcessors (for example: not eligible for auto-proxying)
2021-09-30 20:25:19.733 [restartedMain] INFO  o.s.c.s.PostProcessorRegistrationDelegate$BeanPostProcessorChecker - Bean 'shiroConfig' of type [com.origin.admin.config.ShiroConfig$$EnhancerBySpringCGLIB$$23d031fb] is not eligible for getting processed by all BeanPostProcessors (for example: not eligible for auto-proxying)
2021-09-30 20:25:19.746 [restartedMain] INFO  o.s.c.s.PostProcessorRegistrationDelegate$BeanPostProcessorChecker - Bean 'getRealm' of type [com.origin.admin.utils.shiro.CustomerRealm] is not eligible for getting processed by all BeanPostProcessors (for example: not eligible for auto-proxying)
2021-09-30 20:25:19.894 [restartedMain] INFO  o.s.c.s.PostProcessorRegistrationDelegate$BeanPostProcessorChecker - Bean 'getDefaultWebSecurityManager' of type [org.apache.shiro.web.mgt.DefaultWebSecurityManager] is not eligible for getting processed by all BeanPostProcessors (for example: not eligible for auto-proxying)
2021-09-30 20:25:19.916 [restartedMain] INFO  o.s.c.s.PostProcessorRegistrationDelegate$BeanPostProcessorChecker - Bean 'authorizationAttributeSourceAdvisor' of type [org.apache.shiro.spring.security.interceptor.AuthorizationAttributeSourceAdvisor] is not eligible for getting processed by all BeanPostProcessors (for example: not eligible for auto-proxying)
2021-09-30 20:25:19.924 [restartedMain] INFO  o.s.c.s.PostProcessorRegistrationDelegate$BeanPostProcessorChecker - Bean 'eventBus' of type [org.apache.shiro.event.support.DefaultEventBus] is not eligible for getting processed by all BeanPostProcessors (for example: not eligible for auto-proxying)
2021-09-30 20:25:20.251 [restartedMain] INFO  o.s.boot.web.embedded.tomcat.TomcatWebServer - Tomcat initialized with port(s): 8100 (http)
2021-09-30 20:25:20.259 [restartedMain] INFO  org.apache.coyote.http11.Http11NioProtocol - Initializing ProtocolHandler ["http-nio-8100"]
2021-09-30 20:25:20.260 [restartedMain] INFO  org.apache.catalina.core.StandardService - Starting service [Tomcat]
2021-09-30 20:25:20.260 [restartedMain] INFO  org.apache.catalina.core.StandardEngine - Starting Servlet engine: [Apache Tomcat/9.0.50]
2021-09-30 20:25:20.315 [restartedMain] INFO  o.a.c.core.ContainerBase.[Tomcat].[localhost].[/] - Initializing Spring embedded WebApplicationContext
2021-09-30 20:25:20.315 [restartedMain] INFO  o.s.b.w.s.c.ServletWebServerApplicationContext - Root WebApplicationContext: initialization completed in 1705 ms
2021-09-30 20:25:20.828 [restartedMain] INFO  com.alibaba.druid.pool.DruidDataSource - {dataSource-0} closing ...
2021-09-30 20:25:20.831 [restartedMain] INFO  org.apache.catalina.core.StandardService - Stopping service [Tomcat]
2021-09-30 20:25:20.848 [restartedMain] INFO  o.s.b.a.l.ConditionEvaluationReportLoggingListener - 

Error starting ApplicationContext. To display the conditions report re-run your application with 'debug' enabled.
2021-09-30 20:27:14.518 [restartedMain] INFO  com.origin.admin.OriginAdminApplication - Starting OriginAdminApplication using Java 1.8.0_212 on MrTen.local with PID 28201 (/Users/UserTen/滕雷工作站/AllProjectFile/origin/origin-admin/target/classes started by mrteng in /Users/UserTen/滕雷工作站/AllProjectFile/origin)
2021-09-30 20:27:14.521 [restartedMain] INFO  com.origin.admin.OriginAdminApplication - The following profiles are active: druid
2021-09-30 20:27:14.553 [restartedMain] INFO  o.s.b.d.env.DevToolsPropertyDefaultsPostProcessor - Devtools property defaults active! Set 'spring.devtools.add-properties' to 'false' to disable
2021-09-30 20:27:14.553 [restartedMain] INFO  o.s.b.d.env.DevToolsPropertyDefaultsPostProcessor - For additional web related logging consider setting the 'logging.level.web' property to 'DEBUG'
2021-09-30 20:27:15.200 [restartedMain] INFO  o.s.d.r.config.RepositoryConfigurationDelegate - Multiple Spring Data modules found, entering strict repository configuration mode!
2021-09-30 20:27:15.202 [restartedMain] INFO  o.s.d.r.config.RepositoryConfigurationDelegate - Bootstrapping Spring Data Redis repositories in DEFAULT mode.
2021-09-30 20:27:15.233 [restartedMain] INFO  o.s.d.r.config.RepositoryConfigurationDelegate - Finished Spring Data repository scanning in 13 ms. Found 0 Redis repository interfaces.
2021-09-30 20:27:15.367 [restartedMain] INFO  o.s.c.s.PostProcessorRegistrationDelegate$BeanPostProcessorChecker - Bean 'org.apache.shiro.spring.boot.autoconfigure.ShiroBeanAutoConfiguration' of type [org.apache.shiro.spring.boot.autoconfigure.ShiroBeanAutoConfiguration$$EnhancerBySpringCGLIB$$c2185b05] is not eligible for getting processed by all BeanPostProcessors (for example: not eligible for auto-proxying)
2021-09-30 20:27:15.375 [restartedMain] INFO  o.s.c.s.PostProcessorRegistrationDelegate$BeanPostProcessorChecker - Bean 'org.apache.shiro.spring.boot.autoconfigure.ShiroAnnotationProcessorAutoConfiguration' of type [org.apache.shiro.spring.boot.autoconfigure.ShiroAnnotationProcessorAutoConfiguration$$EnhancerBySpringCGLIB$$c4ab99aa] is not eligible for getting processed by all BeanPostProcessors (for example: not eligible for auto-proxying)
2021-09-30 20:27:15.534 [restartedMain] INFO  o.s.c.s.PostProcessorRegistrationDelegate$BeanPostProcessorChecker - Bean 'shiroConfig' of type [com.origin.admin.config.ShiroConfig$$EnhancerBySpringCGLIB$$23d031fb] is not eligible for getting processed by all BeanPostProcessors (for example: not eligible for auto-proxying)
2021-09-30 20:27:15.544 [restartedMain] INFO  o.s.c.s.PostProcessorRegistrationDelegate$BeanPostProcessorChecker - Bean 'getRealm' of type [com.origin.admin.utils.shiro.CustomerRealm] is not eligible for getting processed by all BeanPostProcessors (for example: not eligible for auto-proxying)
2021-09-30 20:27:15.680 [restartedMain] INFO  o.s.c.s.PostProcessorRegistrationDelegate$BeanPostProcessorChecker - Bean 'getDefaultWebSecurityManager' of type [org.apache.shiro.web.mgt.DefaultWebSecurityManager] is not eligible for getting processed by all BeanPostProcessors (for example: not eligible for auto-proxying)
2021-09-30 20:27:15.703 [restartedMain] INFO  o.s.c.s.PostProcessorRegistrationDelegate$BeanPostProcessorChecker - Bean 'authorizationAttributeSourceAdvisor' of type [org.apache.shiro.spring.security.interceptor.AuthorizationAttributeSourceAdvisor] is not eligible for getting processed by all BeanPostProcessors (for example: not eligible for auto-proxying)
2021-09-30 20:27:15.712 [restartedMain] INFO  o.s.c.s.PostProcessorRegistrationDelegate$BeanPostProcessorChecker - Bean 'eventBus' of type [org.apache.shiro.event.support.DefaultEventBus] is not eligible for getting processed by all BeanPostProcessors (for example: not eligible for auto-proxying)
2021-09-30 20:27:16.004 [restartedMain] INFO  o.s.boot.web.embedded.tomcat.TomcatWebServer - Tomcat initialized with port(s): 8100 (http)
2021-09-30 20:27:16.012 [restartedMain] INFO  org.apache.coyote.http11.Http11NioProtocol - Initializing ProtocolHandler ["http-nio-8100"]
2021-09-30 20:27:16.013 [restartedMain] INFO  org.apache.catalina.core.StandardService - Starting service [Tomcat]
2021-09-30 20:27:16.013 [restartedMain] INFO  org.apache.catalina.core.StandardEngine - Starting Servlet engine: [Apache Tomcat/9.0.50]
2021-09-30 20:27:16.065 [restartedMain] INFO  o.a.c.core.ContainerBase.[Tomcat].[localhost].[/] - Initializing Spring embedded WebApplicationContext
2021-09-30 20:27:16.065 [restartedMain] INFO  o.s.b.w.s.c.ServletWebServerApplicationContext - Root WebApplicationContext: initialization completed in 1511 ms
2021-09-30 20:27:16.512 [restartedMain] INFO  com.alibaba.druid.pool.DruidDataSource - {dataSource-0} closing ...
2021-09-30 20:27:16.514 [restartedMain] INFO  org.apache.catalina.core.StandardService - Stopping service [Tomcat]
2021-09-30 20:27:16.525 [restartedMain] INFO  o.s.b.a.l.ConditionEvaluationReportLoggingListener - 

Error starting ApplicationContext. To display the conditions report re-run your application with 'debug' enabled.
2021-09-30 20:29:58.484 [restartedMain] INFO  com.origin.admin.OriginAdminApplication - Starting OriginAdminApplication using Java 1.8.0_212 on MrTen.local with PID 28238 (/Users/UserTen/滕雷工作站/AllProjectFile/origin/origin-admin/target/classes started by mrteng in /Users/UserTen/滕雷工作站/AllProjectFile/origin)
2021-09-30 20:29:58.487 [restartedMain] INFO  com.origin.admin.OriginAdminApplication - The following profiles are active: druid
2021-09-30 20:29:58.520 [restartedMain] INFO  o.s.b.d.env.DevToolsPropertyDefaultsPostProcessor - Devtools property defaults active! Set 'spring.devtools.add-properties' to 'false' to disable
2021-09-30 20:29:58.521 [restartedMain] INFO  o.s.b.d.env.DevToolsPropertyDefaultsPostProcessor - For additional web related logging consider setting the 'logging.level.web' property to 'DEBUG'
2021-09-30 20:29:59.192 [restartedMain] INFO  o.s.d.r.config.RepositoryConfigurationDelegate - Multiple Spring Data modules found, entering strict repository configuration mode!
2021-09-30 20:29:59.194 [restartedMain] INFO  o.s.d.r.config.RepositoryConfigurationDelegate - Bootstrapping Spring Data Redis repositories in DEFAULT mode.
2021-09-30 20:29:59.216 [restartedMain] INFO  o.s.d.r.config.RepositoryConfigurationDelegate - Finished Spring Data repository scanning in 13 ms. Found 0 Redis repository interfaces.
2021-09-30 20:29:59.359 [restartedMain] INFO  o.s.c.s.PostProcessorRegistrationDelegate$BeanPostProcessorChecker - Bean 'org.apache.shiro.spring.boot.autoconfigure.ShiroBeanAutoConfiguration' of type [org.apache.shiro.spring.boot.autoconfigure.ShiroBeanAutoConfiguration$$EnhancerBySpringCGLIB$$6a0ccb] is not eligible for getting processed by all BeanPostProcessors (for example: not eligible for auto-proxying)
2021-09-30 20:29:59.367 [restartedMain] INFO  o.s.c.s.PostProcessorRegistrationDelegate$BeanPostProcessorChecker - Bean 'org.apache.shiro.spring.boot.autoconfigure.ShiroAnnotationProcessorAutoConfiguration' of type [org.apache.shiro.spring.boot.autoconfigure.ShiroAnnotationProcessorAutoConfiguration$$EnhancerBySpringCGLIB$$2fd4b70] is not eligible for getting processed by all BeanPostProcessors (for example: not eligible for auto-proxying)
2021-09-30 20:29:59.529 [restartedMain] INFO  o.s.c.s.PostProcessorRegistrationDelegate$BeanPostProcessorChecker - Bean 'shiroConfig' of type [com.origin.admin.config.ShiroConfig$$EnhancerBySpringCGLIB$$6221e3c1] is not eligible for getting processed by all BeanPostProcessors (for example: not eligible for auto-proxying)
2021-09-30 20:29:59.539 [restartedMain] INFO  o.s.c.s.PostProcessorRegistrationDelegate$BeanPostProcessorChecker - Bean 'getRealm' of type [com.origin.admin.utils.shiro.CustomerRealm] is not eligible for getting processed by all BeanPostProcessors (for example: not eligible for auto-proxying)
2021-09-30 20:29:59.668 [restartedMain] INFO  o.s.c.s.PostProcessorRegistrationDelegate$BeanPostProcessorChecker - Bean 'getDefaultWebSecurityManager' of type [org.apache.shiro.web.mgt.DefaultWebSecurityManager] is not eligible for getting processed by all BeanPostProcessors (for example: not eligible for auto-proxying)
2021-09-30 20:29:59.689 [restartedMain] INFO  o.s.c.s.PostProcessorRegistrationDelegate$BeanPostProcessorChecker - Bean 'authorizationAttributeSourceAdvisor' of type [org.apache.shiro.spring.security.interceptor.AuthorizationAttributeSourceAdvisor] is not eligible for getting processed by all BeanPostProcessors (for example: not eligible for auto-proxying)
2021-09-30 20:29:59.697 [restartedMain] INFO  o.s.c.s.PostProcessorRegistrationDelegate$BeanPostProcessorChecker - Bean 'eventBus' of type [org.apache.shiro.event.support.DefaultEventBus] is not eligible for getting processed by all BeanPostProcessors (for example: not eligible for auto-proxying)
2021-09-30 20:29:59.994 [restartedMain] INFO  o.s.boot.web.embedded.tomcat.TomcatWebServer - Tomcat initialized with port(s): 8100 (http)
2021-09-30 20:30:00.001 [restartedMain] INFO  org.apache.coyote.http11.Http11NioProtocol - Initializing ProtocolHandler ["http-nio-8100"]
2021-09-30 20:30:00.002 [restartedMain] INFO  org.apache.catalina.core.StandardService - Starting service [Tomcat]
2021-09-30 20:30:00.002 [restartedMain] INFO  org.apache.catalina.core.StandardEngine - Starting Servlet engine: [Apache Tomcat/9.0.50]
2021-09-30 20:30:00.051 [restartedMain] INFO  o.a.c.core.ContainerBase.[Tomcat].[localhost].[/] - Initializing Spring embedded WebApplicationContext
2021-09-30 20:30:00.051 [restartedMain] INFO  o.s.b.w.s.c.ServletWebServerApplicationContext - Root WebApplicationContext: initialization completed in 1530 ms
2021-09-30 20:30:00.579 [restartedMain] INFO  com.alibaba.druid.pool.DruidDataSource - {dataSource-0} closing ...
2021-09-30 20:30:00.582 [restartedMain] INFO  org.apache.catalina.core.StandardService - Stopping service [Tomcat]
2021-09-30 20:30:00.593 [restartedMain] INFO  o.s.b.a.l.ConditionEvaluationReportLoggingListener - 

Error starting ApplicationContext. To display the conditions report re-run your application with 'debug' enabled.
2021-09-30 20:30:57.303 [restartedMain] INFO  com.origin.admin.OriginAdminApplication - Starting OriginAdminApplication using Java 1.8.0_212 on MrTen.local with PID 28255 (/Users/UserTen/滕雷工作站/AllProjectFile/origin/origin-admin/target/classes started by mrteng in /Users/UserTen/滕雷工作站/AllProjectFile/origin)
2021-09-30 20:30:57.304 [restartedMain] INFO  com.origin.admin.OriginAdminApplication - The following profiles are active: druid
2021-09-30 20:30:57.336 [restartedMain] INFO  o.s.b.d.env.DevToolsPropertyDefaultsPostProcessor - Devtools property defaults active! Set 'spring.devtools.add-properties' to 'false' to disable
2021-09-30 20:30:57.336 [restartedMain] INFO  o.s.b.d.env.DevToolsPropertyDefaultsPostProcessor - For additional web related logging consider setting the 'logging.level.web' property to 'DEBUG'
2021-09-30 20:30:57.996 [restartedMain] INFO  o.s.d.r.config.RepositoryConfigurationDelegate - Multiple Spring Data modules found, entering strict repository configuration mode!
2021-09-30 20:30:57.997 [restartedMain] INFO  o.s.d.r.config.RepositoryConfigurationDelegate - Bootstrapping Spring Data Redis repositories in DEFAULT mode.
2021-09-30 20:30:58.027 [restartedMain] INFO  o.s.d.r.config.RepositoryConfigurationDelegate - Finished Spring Data repository scanning in 13 ms. Found 0 Redis repository interfaces.
2021-09-30 20:30:58.164 [restartedMain] INFO  o.s.c.s.PostProcessorRegistrationDelegate$BeanPostProcessorChecker - Bean 'org.apache.shiro.spring.boot.autoconfigure.ShiroBeanAutoConfiguration' of type [org.apache.shiro.spring.boot.autoconfigure.ShiroBeanAutoConfiguration$$EnhancerBySpringCGLIB$$7609b4cf] is not eligible for getting processed by all BeanPostProcessors (for example: not eligible for auto-proxying)
2021-09-30 20:30:58.173 [restartedMain] INFO  o.s.c.s.PostProcessorRegistrationDelegate$BeanPostProcessorChecker - Bean 'org.apache.shiro.spring.boot.autoconfigure.ShiroAnnotationProcessorAutoConfiguration' of type [org.apache.shiro.spring.boot.autoconfigure.ShiroAnnotationProcessorAutoConfiguration$$EnhancerBySpringCGLIB$$789cf374] is not eligible for getting processed by all BeanPostProcessors (for example: not eligible for auto-proxying)
2021-09-30 20:30:58.337 [restartedMain] INFO  o.s.c.s.PostProcessorRegistrationDelegate$BeanPostProcessorChecker - Bean 'shiroConfig' of type [com.origin.admin.config.ShiroConfig$$EnhancerBySpringCGLIB$$d7c18bc5] is not eligible for getting processed by all BeanPostProcessors (for example: not eligible for auto-proxying)
2021-09-30 20:30:58.347 [restartedMain] INFO  o.s.c.s.PostProcessorRegistrationDelegate$BeanPostProcessorChecker - Bean 'getRealm' of type [com.origin.admin.utils.shiro.CustomerRealm] is not eligible for getting processed by all BeanPostProcessors (for example: not eligible for auto-proxying)
2021-09-30 20:30:58.482 [restartedMain] INFO  o.s.c.s.PostProcessorRegistrationDelegate$BeanPostProcessorChecker - Bean 'getDefaultWebSecurityManager' of type [org.apache.shiro.web.mgt.DefaultWebSecurityManager] is not eligible for getting processed by all BeanPostProcessors (for example: not eligible for auto-proxying)
2021-09-30 20:30:58.506 [restartedMain] INFO  o.s.c.s.PostProcessorRegistrationDelegate$BeanPostProcessorChecker - Bean 'authorizationAttributeSourceAdvisor' of type [org.apache.shiro.spring.security.interceptor.AuthorizationAttributeSourceAdvisor] is not eligible for getting processed by all BeanPostProcessors (for example: not eligible for auto-proxying)
2021-09-30 20:30:58.516 [restartedMain] INFO  o.s.c.s.PostProcessorRegistrationDelegate$BeanPostProcessorChecker - Bean 'eventBus' of type [org.apache.shiro.event.support.DefaultEventBus] is not eligible for getting processed by all BeanPostProcessors (for example: not eligible for auto-proxying)
2021-09-30 20:30:58.808 [restartedMain] INFO  o.s.boot.web.embedded.tomcat.TomcatWebServer - Tomcat initialized with port(s): 8100 (http)
2021-09-30 20:30:58.814 [restartedMain] INFO  org.apache.coyote.http11.Http11NioProtocol - Initializing ProtocolHandler ["http-nio-8100"]
2021-09-30 20:30:58.815 [restartedMain] INFO  org.apache.catalina.core.StandardService - Starting service [Tomcat]
2021-09-30 20:30:58.815 [restartedMain] INFO  org.apache.catalina.core.StandardEngine - Starting Servlet engine: [Apache Tomcat/9.0.50]
2021-09-30 20:30:58.859 [restartedMain] INFO  o.a.c.core.ContainerBase.[Tomcat].[localhost].[/] - Initializing Spring embedded WebApplicationContext
2021-09-30 20:30:58.860 [restartedMain] INFO  o.s.b.w.s.c.ServletWebServerApplicationContext - Root WebApplicationContext: initialization completed in 1523 ms
2021-09-30 20:31:00.096 [restartedMain] INFO  s.d.s.w.PropertySourcedRequestMappingHandlerMapping - Mapped URL path [/v2/api-docs] onto method [springfox.documentation.swagger2.web.Swagger2Controller#getDocumentation(String, HttpServletRequest)]
2021-09-30 20:31:00.136 [restartedMain] INFO  com.alibaba.druid.pool.DruidDataSource - {dataSource-0} closing ...
2021-09-30 20:31:00.138 [restartedMain] INFO  org.apache.catalina.core.StandardService - Stopping service [Tomcat]
2021-09-30 20:31:00.152 [restartedMain] INFO  o.s.b.a.l.ConditionEvaluationReportLoggingListener - 

Error starting ApplicationContext. To display the conditions report re-run your application with 'debug' enabled.
