2021-10-10 16:03:35.534 [SpringContextShutdownHook] INFO  com.alibaba.druid.pool.DruidDataSource - {dataSource-0} closing ...
2021-10-10 16:43:00.910 [restartedMain] INFO  com.origin.admin.OriginAdminApplication - Starting OriginAdminApplication using Java 1.8.0_212 on MrTen.local with PID 50051 (/Users/UserTen/滕雷工作站/AllProjectFile/origin/origin-admin/target/classes started by mrteng in /Users/UserTen/滕雷工作站/AllProjectFile/origin)
2021-10-10 16:43:00.912 [restartedMain] INFO  com.origin.admin.OriginAdminApplication - The following profiles are active: druid
2021-10-10 16:43:00.947 [restartedMain] INFO  o.s.b.d.env.DevToolsPropertyDefaultsPostProcessor - Devtools property defaults active! Set 'spring.devtools.add-properties' to 'false' to disable
2021-10-10 16:43:00.947 [restartedMain] INFO  o.s.b.d.env.DevToolsPropertyDefaultsPostProcessor - For additional web related logging consider setting the 'logging.level.web' property to 'DEBUG'
2021-10-10 16:43:01.751 [restartedMain] INFO  o.s.d.r.config.RepositoryConfigurationDelegate - Multiple Spring Data modules found, entering strict repository configuration mode!
2021-10-10 16:43:01.753 [restartedMain] INFO  o.s.d.r.config.RepositoryConfigurationDelegate - Bootstrapping Spring Data Redis repositories in DEFAULT mode.
2021-10-10 16:43:01.783 [restartedMain] INFO  o.s.d.r.config.RepositoryConfigurationDelegate - Finished Spring Data repository scanning in 16 ms. Found 0 Redis repository interfaces.
2021-10-10 16:43:01.957 [restartedMain] INFO  o.s.c.s.PostProcessorRegistrationDelegate$BeanPostProcessorChecker - Bean 'org.apache.shiro.spring.boot.autoconfigure.ShiroBeanAutoConfiguration' of type [org.apache.shiro.spring.boot.autoconfigure.ShiroBeanAutoConfiguration$$EnhancerBySpringCGLIB$$c2185b05] is not eligible for getting processed by all BeanPostProcessors (for example: not eligible for auto-proxying)
2021-10-10 16:43:01.974 [restartedMain] INFO  o.s.c.s.PostProcessorRegistrationDelegate$BeanPostProcessorChecker - Bean 'org.apache.shiro.spring.boot.autoconfigure.ShiroAnnotationProcessorAutoConfiguration' of type [org.apache.shiro.spring.boot.autoconfigure.ShiroAnnotationProcessorAutoConfiguration$$EnhancerBySpringCGLIB$$c4ab99aa] is not eligible for getting processed by all BeanPostProcessors (for example: not eligible for auto-proxying)
2021-10-10 16:43:02.183 [restartedMain] INFO  o.s.c.s.PostProcessorRegistrationDelegate$BeanPostProcessorChecker - Bean 'shiroConfig' of type [com.origin.admin.config.ShiroConfig$$EnhancerBySpringCGLIB$$23d031fb] is not eligible for getting processed by all BeanPostProcessors (for example: not eligible for auto-proxying)
2021-10-10 16:43:02.219 [restartedMain] INFO  com.origin.admin.utils.shiro.RedisCacheManager - RedisCacheManager.cacheName:com.origin.admin.utils.shiro.CustomerRealm.authorizationCache
2021-10-10 16:43:02.222 [restartedMain] INFO  com.origin.admin.utils.shiro.RedisCacheManager - RedisCacheManager.cacheName:authenticationCache
2021-10-10 16:43:02.223 [restartedMain] INFO  o.s.c.s.PostProcessorRegistrationDelegate$BeanPostProcessorChecker - Bean 'getRealm' of type [com.origin.admin.utils.shiro.CustomerRealm] is not eligible for getting processed by all BeanPostProcessors (for example: not eligible for auto-proxying)
2021-10-10 16:43:02.374 [restartedMain] INFO  o.s.c.s.PostProcessorRegistrationDelegate$BeanPostProcessorChecker - Bean 'getDefaultWebSecurityManager' of type [org.apache.shiro.web.mgt.DefaultWebSecurityManager] is not eligible for getting processed by all BeanPostProcessors (for example: not eligible for auto-proxying)
2021-10-10 16:43:02.401 [restartedMain] INFO  o.s.c.s.PostProcessorRegistrationDelegate$BeanPostProcessorChecker - Bean 'authorizationAttributeSourceAdvisor' of type [org.apache.shiro.spring.security.interceptor.AuthorizationAttributeSourceAdvisor] is not eligible for getting processed by all BeanPostProcessors (for example: not eligible for auto-proxying)
2021-10-10 16:43:02.410 [restartedMain] INFO  o.s.c.s.PostProcessorRegistrationDelegate$BeanPostProcessorChecker - Bean 'eventBus' of type [org.apache.shiro.event.support.DefaultEventBus] is not eligible for getting processed by all BeanPostProcessors (for example: not eligible for auto-proxying)
2021-10-10 16:43:02.764 [restartedMain] INFO  o.s.boot.web.embedded.tomcat.TomcatWebServer - Tomcat initialized with port(s): 8100 (http)
2021-10-10 16:43:02.771 [restartedMain] INFO  org.apache.coyote.http11.Http11NioProtocol - Initializing ProtocolHandler ["http-nio-8100"]
2021-10-10 16:43:02.772 [restartedMain] INFO  org.apache.catalina.core.StandardService - Starting service [Tomcat]
2021-10-10 16:43:02.772 [restartedMain] INFO  org.apache.catalina.core.StandardEngine - Starting Servlet engine: [Apache Tomcat/9.0.50]
2021-10-10 16:43:02.825 [restartedMain] INFO  o.a.c.core.ContainerBase.[Tomcat].[localhost].[/] - Initializing Spring embedded WebApplicationContext
2021-10-10 16:43:02.825 [restartedMain] INFO  o.s.b.w.s.c.ServletWebServerApplicationContext - Root WebApplicationContext: initialization completed in 1877 ms
2021-10-10 16:43:03.822 [restartedMain] INFO  s.d.s.w.PropertySourcedRequestMappingHandlerMapping - Mapped URL path [/v2/api-docs] onto method [springfox.documentation.swagger2.web.Swagger2Controller#getDocumentation(String, HttpServletRequest)]
2021-10-10 16:43:04.077 [restartedMain] INFO  o.s.b.d.autoconfigure.OptionalLiveReloadServer - LiveReload server is running on port 35729
2021-10-10 16:43:04.799 [restartedMain] INFO  org.apache.coyote.http11.Http11NioProtocol - Starting ProtocolHandler ["http-nio-8100"]
2021-10-10 16:43:04.822 [restartedMain] INFO  o.s.boot.web.embedded.tomcat.TomcatWebServer - Tomcat started on port(s): 8100 (http) with context path ''
2021-10-10 16:43:04.823 [restartedMain] INFO  s.d.s.web.plugins.DocumentationPluginsBootstrapper - Context refreshed
2021-10-10 16:43:04.841 [restartedMain] INFO  s.d.s.web.plugins.DocumentationPluginsBootstrapper - Found 1 custom documentation plugin(s)
2021-10-10 16:43:04.868 [restartedMain] INFO  s.d.spring.web.scanners.ApiListingReferenceScanner - Scanning for api listing references
2021-10-10 16:43:05.021 [restartedMain] INFO  com.origin.admin.OriginAdminApplication - Started OriginAdminApplication in 4.447 seconds (JVM running for 5.052)
2021-10-10 16:43:18.614 [http-nio-8100-exec-1] INFO  o.a.c.core.ContainerBase.[Tomcat].[localhost].[/] - Initializing Spring DispatcherServlet 'dispatcherServlet'
2021-10-10 16:43:18.614 [http-nio-8100-exec-1] INFO  org.springframework.web.servlet.DispatcherServlet - Initializing Servlet 'dispatcherServlet'
2021-10-10 16:43:18.616 [http-nio-8100-exec-1] INFO  org.springframework.web.servlet.DispatcherServlet - Completed initialization in 2 ms
2021-10-10 16:43:29.879 [http-nio-8100-exec-10] INFO  com.origin.admin.controller.AdminLoginController - 本次验证码为：q9nM, 已存入HttpSession中
2021-10-10 16:44:01.491 [http-nio-8100-exec-3] INFO  com.origin.admin.controller.AdminLoginController - 获取到HttpSession的验证码：q9nM
2021-10-10 16:44:01.928 [http-nio-8100-exec-3] INFO  com.alibaba.druid.pool.DruidDataSource - {dataSource-1} inited
2021-10-10 16:44:02.070 [http-nio-8100-exec-3] DEBUG c.o.admin.mapper.IAdminUserMapper.findUserName - ==>  Preparing: SELECT au.user_id userId, au.account, au.`password`, au.salt FROM admin_user au WHERE au.account = ?
2021-10-10 16:44:02.096 [http-nio-8100-exec-3] DEBUG c.o.admin.mapper.IAdminUserMapper.findUserName - ==> Parameters: tenglei(String)
2021-10-10 16:44:02.117 [http-nio-8100-exec-3] DEBUG c.o.admin.mapper.IAdminUserMapper.findUserName - <==      Total: 1
2021-10-10 16:44:02.122 [http-nio-8100-exec-3] INFO  com.origin.admin.utils.shiro.RedisCache - 登陆shiro redis cache 参数cacheName:authenticationCache; key：tenglei; value: tenglei
2021-10-10 17:05:10.018 [SpringContextShutdownHook] INFO  com.alibaba.druid.pool.DruidDataSource - {dataSource-1} closing ...
2021-10-10 17:05:10.029 [SpringContextShutdownHook] INFO  com.alibaba.druid.pool.DruidDataSource - {dataSource-1} closed
2021-10-10 17:05:14.667 [restartedMain] INFO  com.origin.admin.OriginAdminApplication - Starting OriginAdminApplication using Java 1.8.0_212 on MrTen.local with PID 50249 (/Users/UserTen/滕雷工作站/AllProjectFile/origin/origin-admin/target/classes started by mrteng in /Users/UserTen/滕雷工作站/AllProjectFile/origin)
2021-10-10 17:05:14.669 [restartedMain] INFO  com.origin.admin.OriginAdminApplication - The following profiles are active: druid
2021-10-10 17:05:14.699 [restartedMain] INFO  o.s.b.d.env.DevToolsPropertyDefaultsPostProcessor - Devtools property defaults active! Set 'spring.devtools.add-properties' to 'false' to disable
2021-10-10 17:05:14.699 [restartedMain] INFO  o.s.b.d.env.DevToolsPropertyDefaultsPostProcessor - For additional web related logging consider setting the 'logging.level.web' property to 'DEBUG'
2021-10-10 17:05:15.367 [restartedMain] INFO  o.s.d.r.config.RepositoryConfigurationDelegate - Multiple Spring Data modules found, entering strict repository configuration mode!
2021-10-10 17:05:15.368 [restartedMain] INFO  o.s.d.r.config.RepositoryConfigurationDelegate - Bootstrapping Spring Data Redis repositories in DEFAULT mode.
2021-10-10 17:05:15.391 [restartedMain] INFO  o.s.d.r.config.RepositoryConfigurationDelegate - Finished Spring Data repository scanning in 13 ms. Found 0 Redis repository interfaces.
2021-10-10 17:05:15.524 [restartedMain] INFO  o.s.c.s.PostProcessorRegistrationDelegate$BeanPostProcessorChecker - Bean 'org.apache.shiro.spring.boot.autoconfigure.ShiroBeanAutoConfiguration' of type [org.apache.shiro.spring.boot.autoconfigure.ShiroBeanAutoConfiguration$$EnhancerBySpringCGLIB$$c2185b05] is not eligible for getting processed by all BeanPostProcessors (for example: not eligible for auto-proxying)
2021-10-10 17:05:15.532 [restartedMain] INFO  o.s.c.s.PostProcessorRegistrationDelegate$BeanPostProcessorChecker - Bean 'org.apache.shiro.spring.boot.autoconfigure.ShiroAnnotationProcessorAutoConfiguration' of type [org.apache.shiro.spring.boot.autoconfigure.ShiroAnnotationProcessorAutoConfiguration$$EnhancerBySpringCGLIB$$c4ab99aa] is not eligible for getting processed by all BeanPostProcessors (for example: not eligible for auto-proxying)
2021-10-10 17:05:15.690 [restartedMain] INFO  o.s.c.s.PostProcessorRegistrationDelegate$BeanPostProcessorChecker - Bean 'shiroConfig' of type [com.origin.admin.config.ShiroConfig$$EnhancerBySpringCGLIB$$23d031fb] is not eligible for getting processed by all BeanPostProcessors (for example: not eligible for auto-proxying)
2021-10-10 17:05:15.717 [restartedMain] INFO  com.origin.admin.utils.shiro.RedisCacheManager - RedisCacheManager.cacheName:com.origin.admin.utils.shiro.CustomerRealm.authorizationCache
2021-10-10 17:05:15.720 [restartedMain] INFO  com.origin.admin.utils.shiro.RedisCacheManager - RedisCacheManager.cacheName:authenticationCache
2021-10-10 17:05:15.720 [restartedMain] INFO  o.s.c.s.PostProcessorRegistrationDelegate$BeanPostProcessorChecker - Bean 'getRealm' of type [com.origin.admin.utils.shiro.CustomerRealm] is not eligible for getting processed by all BeanPostProcessors (for example: not eligible for auto-proxying)
2021-10-10 17:05:15.849 [restartedMain] INFO  o.s.c.s.PostProcessorRegistrationDelegate$BeanPostProcessorChecker - Bean 'getDefaultWebSecurityManager' of type [org.apache.shiro.web.mgt.DefaultWebSecurityManager] is not eligible for getting processed by all BeanPostProcessors (for example: not eligible for auto-proxying)
2021-10-10 17:05:15.874 [restartedMain] INFO  o.s.c.s.PostProcessorRegistrationDelegate$BeanPostProcessorChecker - Bean 'authorizationAttributeSourceAdvisor' of type [org.apache.shiro.spring.security.interceptor.AuthorizationAttributeSourceAdvisor] is not eligible for getting processed by all BeanPostProcessors (for example: not eligible for auto-proxying)
2021-10-10 17:05:15.885 [restartedMain] INFO  o.s.c.s.PostProcessorRegistrationDelegate$BeanPostProcessorChecker - Bean 'eventBus' of type [org.apache.shiro.event.support.DefaultEventBus] is not eligible for getting processed by all BeanPostProcessors (for example: not eligible for auto-proxying)
2021-10-10 17:05:16.169 [restartedMain] INFO  o.s.boot.web.embedded.tomcat.TomcatWebServer - Tomcat initialized with port(s): 8100 (http)
2021-10-10 17:05:16.175 [restartedMain] INFO  org.apache.coyote.http11.Http11NioProtocol - Initializing ProtocolHandler ["http-nio-8100"]
2021-10-10 17:05:16.175 [restartedMain] INFO  org.apache.catalina.core.StandardService - Starting service [Tomcat]
2021-10-10 17:05:16.175 [restartedMain] INFO  org.apache.catalina.core.StandardEngine - Starting Servlet engine: [Apache Tomcat/9.0.50]
2021-10-10 17:05:16.219 [restartedMain] INFO  o.a.c.core.ContainerBase.[Tomcat].[localhost].[/] - Initializing Spring embedded WebApplicationContext
2021-10-10 17:05:16.219 [restartedMain] INFO  o.s.b.w.s.c.ServletWebServerApplicationContext - Root WebApplicationContext: initialization completed in 1519 ms
2021-10-10 17:05:17.111 [restartedMain] INFO  s.d.s.w.PropertySourcedRequestMappingHandlerMapping - Mapped URL path [/v2/api-docs] onto method [springfox.documentation.swagger2.web.Swagger2Controller#getDocumentation(String, HttpServletRequest)]
2021-10-10 17:05:17.330 [restartedMain] INFO  o.s.b.d.autoconfigure.OptionalLiveReloadServer - LiveReload server is running on port 35729
2021-10-10 17:05:17.893 [restartedMain] INFO  org.apache.coyote.http11.Http11NioProtocol - Starting ProtocolHandler ["http-nio-8100"]
2021-10-10 17:05:17.916 [restartedMain] INFO  o.s.boot.web.embedded.tomcat.TomcatWebServer - Tomcat started on port(s): 8100 (http) with context path ''
2021-10-10 17:05:17.916 [restartedMain] INFO  s.d.s.web.plugins.DocumentationPluginsBootstrapper - Context refreshed
2021-10-10 17:05:17.927 [restartedMain] INFO  s.d.s.web.plugins.DocumentationPluginsBootstrapper - Found 1 custom documentation plugin(s)
2021-10-10 17:05:17.945 [restartedMain] INFO  s.d.spring.web.scanners.ApiListingReferenceScanner - Scanning for api listing references
2021-10-10 17:05:18.052 [restartedMain] INFO  com.origin.admin.OriginAdminApplication - Started OriginAdminApplication in 3.643 seconds (JVM running for 4.141)
2021-10-10 17:05:24.880 [http-nio-8100-exec-1] INFO  o.a.c.core.ContainerBase.[Tomcat].[localhost].[/] - Initializing Spring DispatcherServlet 'dispatcherServlet'
2021-10-10 17:05:24.881 [http-nio-8100-exec-1] INFO  org.springframework.web.servlet.DispatcherServlet - Initializing Servlet 'dispatcherServlet'
2021-10-10 17:05:24.882 [http-nio-8100-exec-1] INFO  org.springframework.web.servlet.DispatcherServlet - Completed initialization in 1 ms
2021-10-10 17:17:01.544 [SpringContextShutdownHook] INFO  com.alibaba.druid.pool.DruidDataSource - {dataSource-0} closing ...
2021-10-10 18:28:25.801 [restartedMain] INFO  com.origin.admin.OriginAdminApplication - Starting OriginAdminApplication using Java 1.8.0_212 on MrTen.local with PID 50951 (/Users/UserTen/滕雷工作站/AllProjectFile/origin/origin-admin/target/classes started by mrteng in /Users/UserTen/滕雷工作站/AllProjectFile/origin)
2021-10-10 18:28:25.803 [restartedMain] INFO  com.origin.admin.OriginAdminApplication - The following profiles are active: druid
2021-10-10 18:28:25.832 [restartedMain] INFO  o.s.b.d.env.DevToolsPropertyDefaultsPostProcessor - Devtools property defaults active! Set 'spring.devtools.add-properties' to 'false' to disable
2021-10-10 18:28:25.832 [restartedMain] INFO  o.s.b.d.env.DevToolsPropertyDefaultsPostProcessor - For additional web related logging consider setting the 'logging.level.web' property to 'DEBUG'
2021-10-10 18:28:26.496 [restartedMain] INFO  o.s.d.r.config.RepositoryConfigurationDelegate - Multiple Spring Data modules found, entering strict repository configuration mode!
2021-10-10 18:28:26.497 [restartedMain] INFO  o.s.d.r.config.RepositoryConfigurationDelegate - Bootstrapping Spring Data Redis repositories in DEFAULT mode.
2021-10-10 18:28:26.520 [restartedMain] INFO  o.s.d.r.config.RepositoryConfigurationDelegate - Finished Spring Data repository scanning in 13 ms. Found 0 Redis repository interfaces.
2021-10-10 18:28:26.651 [restartedMain] INFO  o.s.c.s.PostProcessorRegistrationDelegate$BeanPostProcessorChecker - Bean 'org.apache.shiro.spring.boot.autoconfigure.ShiroBeanAutoConfiguration' of type [org.apache.shiro.spring.boot.autoconfigure.ShiroBeanAutoConfiguration$$EnhancerBySpringCGLIB$$c1c0ed88] is not eligible for getting processed by all BeanPostProcessors (for example: not eligible for auto-proxying)
2021-10-10 18:28:26.658 [restartedMain] INFO  o.s.c.s.PostProcessorRegistrationDelegate$BeanPostProcessorChecker - Bean 'org.apache.shiro.spring.boot.autoconfigure.ShiroAnnotationProcessorAutoConfiguration' of type [org.apache.shiro.spring.boot.autoconfigure.ShiroAnnotationProcessorAutoConfiguration$$EnhancerBySpringCGLIB$$c4542c2d] is not eligible for getting processed by all BeanPostProcessors (for example: not eligible for auto-proxying)
2021-10-10 18:28:26.812 [restartedMain] INFO  o.s.c.s.PostProcessorRegistrationDelegate$BeanPostProcessorChecker - Bean 'shiroConfig' of type [com.origin.admin.config.ShiroConfig$$EnhancerBySpringCGLIB$$2378c47e] is not eligible for getting processed by all BeanPostProcessors (for example: not eligible for auto-proxying)
2021-10-10 18:28:26.838 [restartedMain] INFO  com.origin.admin.utils.shiro.RedisCacheManager - RedisCacheManager.cacheName:com.origin.admin.utils.shiro.CustomerRealm.authorizationCache
2021-10-10 18:28:26.841 [restartedMain] INFO  com.origin.admin.utils.shiro.RedisCacheManager - RedisCacheManager.cacheName:authenticationCache
2021-10-10 18:28:26.841 [restartedMain] INFO  o.s.c.s.PostProcessorRegistrationDelegate$BeanPostProcessorChecker - Bean 'getRealm' of type [com.origin.admin.utils.shiro.CustomerRealm] is not eligible for getting processed by all BeanPostProcessors (for example: not eligible for auto-proxying)
2021-10-10 18:28:26.971 [restartedMain] INFO  o.s.c.s.PostProcessorRegistrationDelegate$BeanPostProcessorChecker - Bean 'getDefaultWebSecurityManager' of type [org.apache.shiro.web.mgt.DefaultWebSecurityManager] is not eligible for getting processed by all BeanPostProcessors (for example: not eligible for auto-proxying)
2021-10-10 18:28:26.993 [restartedMain] INFO  o.s.c.s.PostProcessorRegistrationDelegate$BeanPostProcessorChecker - Bean 'authorizationAttributeSourceAdvisor' of type [org.apache.shiro.spring.security.interceptor.AuthorizationAttributeSourceAdvisor] is not eligible for getting processed by all BeanPostProcessors (for example: not eligible for auto-proxying)
2021-10-10 18:28:27.004 [restartedMain] INFO  o.s.c.s.PostProcessorRegistrationDelegate$BeanPostProcessorChecker - Bean 'eventBus' of type [org.apache.shiro.event.support.DefaultEventBus] is not eligible for getting processed by all BeanPostProcessors (for example: not eligible for auto-proxying)
2021-10-10 18:28:27.309 [restartedMain] INFO  o.s.boot.web.embedded.tomcat.TomcatWebServer - Tomcat initialized with port(s): 8100 (http)
2021-10-10 18:28:27.315 [restartedMain] INFO  org.apache.coyote.http11.Http11NioProtocol - Initializing ProtocolHandler ["http-nio-8100"]
2021-10-10 18:28:27.316 [restartedMain] INFO  org.apache.catalina.core.StandardService - Starting service [Tomcat]
2021-10-10 18:28:27.316 [restartedMain] INFO  org.apache.catalina.core.StandardEngine - Starting Servlet engine: [Apache Tomcat/9.0.50]
2021-10-10 18:28:27.361 [restartedMain] INFO  o.a.c.core.ContainerBase.[Tomcat].[localhost].[/] - Initializing Spring embedded WebApplicationContext
2021-10-10 18:28:27.361 [restartedMain] INFO  o.s.b.w.s.c.ServletWebServerApplicationContext - Root WebApplicationContext: initialization completed in 1528 ms
2021-10-10 18:28:28.276 [restartedMain] INFO  s.d.s.w.PropertySourcedRequestMappingHandlerMapping - Mapped URL path [/v2/api-docs] onto method [springfox.documentation.swagger2.web.Swagger2Controller#getDocumentation(String, HttpServletRequest)]
2021-10-10 18:28:28.505 [restartedMain] INFO  o.s.b.d.autoconfigure.OptionalLiveReloadServer - LiveReload server is running on port 35729
2021-10-10 18:28:29.108 [restartedMain] INFO  org.apache.coyote.http11.Http11NioProtocol - Starting ProtocolHandler ["http-nio-8100"]
2021-10-10 18:28:29.133 [restartedMain] INFO  o.s.boot.web.embedded.tomcat.TomcatWebServer - Tomcat started on port(s): 8100 (http) with context path ''
2021-10-10 18:28:29.134 [restartedMain] INFO  s.d.s.web.plugins.DocumentationPluginsBootstrapper - Context refreshed
2021-10-10 18:28:29.146 [restartedMain] INFO  s.d.s.web.plugins.DocumentationPluginsBootstrapper - Found 1 custom documentation plugin(s)
2021-10-10 18:28:29.169 [restartedMain] INFO  s.d.spring.web.scanners.ApiListingReferenceScanner - Scanning for api listing references
2021-10-10 18:28:29.294 [restartedMain] INFO  com.origin.admin.OriginAdminApplication - Started OriginAdminApplication in 3.753 seconds (JVM running for 4.25)
2021-10-10 18:28:44.852 [http-nio-8100-exec-1] INFO  o.a.c.core.ContainerBase.[Tomcat].[localhost].[/] - Initializing Spring DispatcherServlet 'dispatcherServlet'
2021-10-10 18:28:44.852 [http-nio-8100-exec-1] INFO  org.springframework.web.servlet.DispatcherServlet - Initializing Servlet 'dispatcherServlet'
2021-10-10 18:28:44.853 [http-nio-8100-exec-1] INFO  org.springframework.web.servlet.DispatcherServlet - Completed initialization in 1 ms
2021-10-10 18:28:56.726 [http-nio-8100-exec-10] INFO  com.origin.admin.controller.AdminLoginController - 本次验证码为：fPwL, 已存入HttpSession中
2021-10-10 18:29:39.570 [http-nio-8100-exec-3] INFO  com.origin.admin.controller.AdminLoginController - 获取到HttpSession的验证码：fPwL
2021-10-10 18:29:39.927 [http-nio-8100-exec-3] INFO  com.alibaba.druid.pool.DruidDataSource - {dataSource-1} inited
2021-10-10 18:29:39.999 [http-nio-8100-exec-3] DEBUG c.o.admin.mapper.IAdminUserMapper.findUserName - ==>  Preparing: SELECT au.user_id userId, au.account, au.`password`, au.salt FROM admin_user au WHERE au.account = ?
2021-10-10 18:29:40.014 [http-nio-8100-exec-3] DEBUG c.o.admin.mapper.IAdminUserMapper.findUserName - ==> Parameters: chencheng(String)
2021-10-10 18:29:40.028 [http-nio-8100-exec-3] DEBUG c.o.admin.mapper.IAdminUserMapper.findUserName - <==      Total: 1
2021-10-10 18:29:40.031 [http-nio-8100-exec-3] INFO  com.origin.admin.utils.shiro.RedisCache - 登陆shiro redis cache 参数cacheName:authenticationCache; key：chencheng; value: chencheng
2021-10-10 18:32:55.428 [SpringContextShutdownHook] INFO  com.alibaba.druid.pool.DruidDataSource - {dataSource-1} closing ...
2021-10-10 18:32:55.436 [SpringContextShutdownHook] INFO  com.alibaba.druid.pool.DruidDataSource - {dataSource-1} closed
2021-10-10 18:33:01.822 [restartedMain] INFO  com.origin.admin.OriginAdminApplication - Starting OriginAdminApplication using Java 1.8.0_212 on MrTen.local with PID 51007 (/Users/UserTen/滕雷工作站/AllProjectFile/origin/origin-admin/target/classes started by mrteng in /Users/UserTen/滕雷工作站/AllProjectFile/origin)
2021-10-10 18:33:01.824 [restartedMain] INFO  com.origin.admin.OriginAdminApplication - The following profiles are active: druid
2021-10-10 18:33:01.860 [restartedMain] INFO  o.s.b.d.env.DevToolsPropertyDefaultsPostProcessor - Devtools property defaults active! Set 'spring.devtools.add-properties' to 'false' to disable
2021-10-10 18:33:01.860 [restartedMain] INFO  o.s.b.d.env.DevToolsPropertyDefaultsPostProcessor - For additional web related logging consider setting the 'logging.level.web' property to 'DEBUG'
2021-10-10 18:33:02.560 [restartedMain] INFO  o.s.d.r.config.RepositoryConfigurationDelegate - Multiple Spring Data modules found, entering strict repository configuration mode!
2021-10-10 18:33:02.562 [restartedMain] INFO  o.s.d.r.config.RepositoryConfigurationDelegate - Bootstrapping Spring Data Redis repositories in DEFAULT mode.
2021-10-10 18:33:02.585 [restartedMain] INFO  o.s.d.r.config.RepositoryConfigurationDelegate - Finished Spring Data repository scanning in 13 ms. Found 0 Redis repository interfaces.
2021-10-10 18:33:02.731 [restartedMain] INFO  o.s.c.s.PostProcessorRegistrationDelegate$BeanPostProcessorChecker - Bean 'org.apache.shiro.spring.boot.autoconfigure.ShiroBeanAutoConfiguration' of type [org.apache.shiro.spring.boot.autoconfigure.ShiroBeanAutoConfiguration$$EnhancerBySpringCGLIB$$7349c4af] is not eligible for getting processed by all BeanPostProcessors (for example: not eligible for auto-proxying)
2021-10-10 18:33:02.740 [restartedMain] INFO  o.s.c.s.PostProcessorRegistrationDelegate$BeanPostProcessorChecker - Bean 'org.apache.shiro.spring.boot.autoconfigure.ShiroAnnotationProcessorAutoConfiguration' of type [org.apache.shiro.spring.boot.autoconfigure.ShiroAnnotationProcessorAutoConfiguration$$EnhancerBySpringCGLIB$$75dd0354] is not eligible for getting processed by all BeanPostProcessors (for example: not eligible for auto-proxying)
2021-10-10 18:33:02.905 [restartedMain] INFO  o.s.c.s.PostProcessorRegistrationDelegate$BeanPostProcessorChecker - Bean 'shiroConfig' of type [com.origin.admin.config.ShiroConfig$$EnhancerBySpringCGLIB$$d5019ba5] is not eligible for getting processed by all BeanPostProcessors (for example: not eligible for auto-proxying)
2021-10-10 18:33:02.933 [restartedMain] INFO  com.origin.admin.utils.shiro.RedisCacheManager - RedisCacheManager.cacheName:com.origin.admin.utils.shiro.CustomerRealm.authorizationCache
2021-10-10 18:33:02.936 [restartedMain] INFO  com.origin.admin.utils.shiro.RedisCacheManager - RedisCacheManager.cacheName:authenticationCache
2021-10-10 18:33:02.936 [restartedMain] INFO  o.s.c.s.PostProcessorRegistrationDelegate$BeanPostProcessorChecker - Bean 'getRealm' of type [com.origin.admin.utils.shiro.CustomerRealm] is not eligible for getting processed by all BeanPostProcessors (for example: not eligible for auto-proxying)
2021-10-10 18:33:03.072 [restartedMain] INFO  o.s.c.s.PostProcessorRegistrationDelegate$BeanPostProcessorChecker - Bean 'getDefaultWebSecurityManager' of type [org.apache.shiro.web.mgt.DefaultWebSecurityManager] is not eligible for getting processed by all BeanPostProcessors (for example: not eligible for auto-proxying)
2021-10-10 18:33:03.095 [restartedMain] INFO  o.s.c.s.PostProcessorRegistrationDelegate$BeanPostProcessorChecker - Bean 'authorizationAttributeSourceAdvisor' of type [org.apache.shiro.spring.security.interceptor.AuthorizationAttributeSourceAdvisor] is not eligible for getting processed by all BeanPostProcessors (for example: not eligible for auto-proxying)
2021-10-10 18:33:03.104 [restartedMain] INFO  o.s.c.s.PostProcessorRegistrationDelegate$BeanPostProcessorChecker - Bean 'eventBus' of type [org.apache.shiro.event.support.DefaultEventBus] is not eligible for getting processed by all BeanPostProcessors (for example: not eligible for auto-proxying)
2021-10-10 18:33:03.400 [restartedMain] INFO  o.s.boot.web.embedded.tomcat.TomcatWebServer - Tomcat initialized with port(s): 8100 (http)
2021-10-10 18:33:03.406 [restartedMain] INFO  org.apache.coyote.http11.Http11NioProtocol - Initializing ProtocolHandler ["http-nio-8100"]
2021-10-10 18:33:03.407 [restartedMain] INFO  org.apache.catalina.core.StandardService - Starting service [Tomcat]
2021-10-10 18:33:03.407 [restartedMain] INFO  org.apache.catalina.core.StandardEngine - Starting Servlet engine: [Apache Tomcat/9.0.50]
2021-10-10 18:33:03.451 [restartedMain] INFO  o.a.c.core.ContainerBase.[Tomcat].[localhost].[/] - Initializing Spring embedded WebApplicationContext
2021-10-10 18:33:03.451 [restartedMain] INFO  o.s.b.w.s.c.ServletWebServerApplicationContext - Root WebApplicationContext: initialization completed in 1590 ms
2021-10-10 18:33:04.426 [restartedMain] INFO  s.d.s.w.PropertySourcedRequestMappingHandlerMapping - Mapped URL path [/v2/api-docs] onto method [springfox.documentation.swagger2.web.Swagger2Controller#getDocumentation(String, HttpServletRequest)]
2021-10-10 18:33:04.653 [restartedMain] INFO  o.s.b.d.autoconfigure.OptionalLiveReloadServer - LiveReload server is running on port 35729
2021-10-10 18:33:05.258 [restartedMain] INFO  org.apache.coyote.http11.Http11NioProtocol - Starting ProtocolHandler ["http-nio-8100"]
2021-10-10 18:33:05.287 [restartedMain] INFO  o.s.boot.web.embedded.tomcat.TomcatWebServer - Tomcat started on port(s): 8100 (http) with context path ''
2021-10-10 18:33:05.288 [restartedMain] INFO  s.d.s.web.plugins.DocumentationPluginsBootstrapper - Context refreshed
2021-10-10 18:33:05.302 [restartedMain] INFO  s.d.s.web.plugins.DocumentationPluginsBootstrapper - Found 1 custom documentation plugin(s)
2021-10-10 18:33:05.328 [restartedMain] INFO  s.d.spring.web.scanners.ApiListingReferenceScanner - Scanning for api listing references
2021-10-10 18:33:05.496 [restartedMain] INFO  com.origin.admin.OriginAdminApplication - Started OriginAdminApplication in 3.944 seconds (JVM running for 4.479)
2021-10-10 18:33:07.638 [http-nio-8100-exec-1] INFO  o.a.c.core.ContainerBase.[Tomcat].[localhost].[/] - Initializing Spring DispatcherServlet 'dispatcherServlet'
2021-10-10 18:33:07.638 [http-nio-8100-exec-1] INFO  org.springframework.web.servlet.DispatcherServlet - Initializing Servlet 'dispatcherServlet'
2021-10-10 18:33:07.640 [http-nio-8100-exec-1] INFO  org.springframework.web.servlet.DispatcherServlet - Completed initialization in 2 ms
2021-10-10 18:34:04.689 [http-nio-8100-exec-6] INFO  com.origin.admin.controller.AdminLoginController - 本次验证码为：msQ4, 已存入HttpSession中
2021-10-10 18:34:24.171 [http-nio-8100-exec-8] INFO  com.origin.admin.controller.AdminLoginController - 获取到HttpSession的验证码：msQ4
2021-10-10 18:34:24.558 [http-nio-8100-exec-8] INFO  com.alibaba.druid.pool.DruidDataSource - {dataSource-1} inited
2021-10-10 18:34:24.662 [http-nio-8100-exec-8] DEBUG c.o.admin.mapper.IAdminUserMapper.findUserName - ==>  Preparing: SELECT au.user_id userId, au.account, au.`password`, au.salt FROM admin_user au WHERE au.account = ?
2021-10-10 18:34:24.685 [http-nio-8100-exec-8] DEBUG c.o.admin.mapper.IAdminUserMapper.findUserName - ==> Parameters: tengleo(String)
2021-10-10 18:34:24.704 [http-nio-8100-exec-8] DEBUG c.o.admin.mapper.IAdminUserMapper.findUserName - <==      Total: 0
2021-10-10 18:34:33.325 [http-nio-8100-exec-7] INFO  com.origin.admin.controller.AdminLoginController - 获取到HttpSession的验证码：null
2021-10-10 18:34:40.719 [http-nio-8100-exec-9] INFO  com.origin.admin.controller.AdminLoginController - 本次验证码为：6w2m, 已存入HttpSession中
2021-10-10 18:34:52.699 [http-nio-8100-exec-10] INFO  com.origin.admin.controller.AdminLoginController - 获取到HttpSession的验证码：6w2m
2021-10-10 18:34:52.701 [http-nio-8100-exec-10] DEBUG c.o.admin.mapper.IAdminUserMapper.findUserName - ==>  Preparing: SELECT au.user_id userId, au.account, au.`password`, au.salt FROM admin_user au WHERE au.account = ?
2021-10-10 18:34:52.702 [http-nio-8100-exec-10] DEBUG c.o.admin.mapper.IAdminUserMapper.findUserName - ==> Parameters: tenglei(String)
2021-10-10 18:34:52.707 [http-nio-8100-exec-10] DEBUG c.o.admin.mapper.IAdminUserMapper.findUserName - <==      Total: 1
2021-10-10 18:34:52.712 [http-nio-8100-exec-10] INFO  com.origin.admin.utils.shiro.RedisCache - 登陆shiro redis cache 参数cacheName:authenticationCache; key：tenglei; value: tenglei
2021-10-10 18:35:58.510 [SpringContextShutdownHook] INFO  com.alibaba.druid.pool.DruidDataSource - {dataSource-1} closing ...
2021-10-10 18:35:58.515 [SpringContextShutdownHook] INFO  com.alibaba.druid.pool.DruidDataSource - {dataSource-1} closed
2021-10-10 18:36:03.541 [restartedMain] INFO  com.origin.admin.OriginAdminApplication - Starting OriginAdminApplication using Java 1.8.0_212 on MrTen.local with PID 51039 (/Users/UserTen/滕雷工作站/AllProjectFile/origin/origin-admin/target/classes started by mrteng in /Users/UserTen/滕雷工作站/AllProjectFile/origin)
2021-10-10 18:36:03.543 [restartedMain] INFO  com.origin.admin.OriginAdminApplication - The following profiles are active: druid
2021-10-10 18:36:03.578 [restartedMain] INFO  o.s.b.d.env.DevToolsPropertyDefaultsPostProcessor - Devtools property defaults active! Set 'spring.devtools.add-properties' to 'false' to disable
2021-10-10 18:36:03.578 [restartedMain] INFO  o.s.b.d.env.DevToolsPropertyDefaultsPostProcessor - For additional web related logging consider setting the 'logging.level.web' property to 'DEBUG'
2021-10-10 18:36:04.217 [restartedMain] INFO  o.s.d.r.config.RepositoryConfigurationDelegate - Multiple Spring Data modules found, entering strict repository configuration mode!
2021-10-10 18:36:04.218 [restartedMain] INFO  o.s.d.r.config.RepositoryConfigurationDelegate - Bootstrapping Spring Data Redis repositories in DEFAULT mode.
2021-10-10 18:36:04.240 [restartedMain] INFO  o.s.d.r.config.RepositoryConfigurationDelegate - Finished Spring Data repository scanning in 12 ms. Found 0 Redis repository interfaces.
2021-10-10 18:36:04.372 [restartedMain] INFO  o.s.c.s.PostProcessorRegistrationDelegate$BeanPostProcessorChecker - Bean 'org.apache.shiro.spring.boot.autoconfigure.ShiroBeanAutoConfiguration' of type [org.apache.shiro.spring.boot.autoconfigure.ShiroBeanAutoConfiguration$$EnhancerBySpringCGLIB$$6a0ccb] is not eligible for getting processed by all BeanPostProcessors (for example: not eligible for auto-proxying)
2021-10-10 18:36:04.380 [restartedMain] INFO  o.s.c.s.PostProcessorRegistrationDelegate$BeanPostProcessorChecker - Bean 'org.apache.shiro.spring.boot.autoconfigure.ShiroAnnotationProcessorAutoConfiguration' of type [org.apache.shiro.spring.boot.autoconfigure.ShiroAnnotationProcessorAutoConfiguration$$EnhancerBySpringCGLIB$$2fd4b70] is not eligible for getting processed by all BeanPostProcessors (for example: not eligible for auto-proxying)
2021-10-10 18:36:04.535 [restartedMain] INFO  o.s.c.s.PostProcessorRegistrationDelegate$BeanPostProcessorChecker - Bean 'shiroConfig' of type [com.origin.admin.config.ShiroConfig$$EnhancerBySpringCGLIB$$6221e3c1] is not eligible for getting processed by all BeanPostProcessors (for example: not eligible for auto-proxying)
2021-10-10 18:36:04.562 [restartedMain] INFO  com.origin.admin.utils.shiro.RedisCacheManager - RedisCacheManager.cacheName:com.origin.admin.utils.shiro.CustomerRealm.authorizationCache
2021-10-10 18:36:04.565 [restartedMain] INFO  com.origin.admin.utils.shiro.RedisCacheManager - RedisCacheManager.cacheName:authenticationCache
2021-10-10 18:36:04.565 [restartedMain] INFO  o.s.c.s.PostProcessorRegistrationDelegate$BeanPostProcessorChecker - Bean 'getRealm' of type [com.origin.admin.utils.shiro.CustomerRealm] is not eligible for getting processed by all BeanPostProcessors (for example: not eligible for auto-proxying)
2021-10-10 18:36:04.696 [restartedMain] INFO  o.s.c.s.PostProcessorRegistrationDelegate$BeanPostProcessorChecker - Bean 'getDefaultWebSecurityManager' of type [org.apache.shiro.web.mgt.DefaultWebSecurityManager] is not eligible for getting processed by all BeanPostProcessors (for example: not eligible for auto-proxying)
2021-10-10 18:36:04.718 [restartedMain] INFO  o.s.c.s.PostProcessorRegistrationDelegate$BeanPostProcessorChecker - Bean 'authorizationAttributeSourceAdvisor' of type [org.apache.shiro.spring.security.interceptor.AuthorizationAttributeSourceAdvisor] is not eligible for getting processed by all BeanPostProcessors (for example: not eligible for auto-proxying)
2021-10-10 18:36:04.728 [restartedMain] INFO  o.s.c.s.PostProcessorRegistrationDelegate$BeanPostProcessorChecker - Bean 'eventBus' of type [org.apache.shiro.event.support.DefaultEventBus] is not eligible for getting processed by all BeanPostProcessors (for example: not eligible for auto-proxying)
2021-10-10 18:36:05.014 [restartedMain] INFO  o.s.boot.web.embedded.tomcat.TomcatWebServer - Tomcat initialized with port(s): 8100 (http)
2021-10-10 18:36:05.022 [restartedMain] INFO  org.apache.coyote.http11.Http11NioProtocol - Initializing ProtocolHandler ["http-nio-8100"]
2021-10-10 18:36:05.022 [restartedMain] INFO  org.apache.catalina.core.StandardService - Starting service [Tomcat]
2021-10-10 18:36:05.022 [restartedMain] INFO  org.apache.catalina.core.StandardEngine - Starting Servlet engine: [Apache Tomcat/9.0.50]
2021-10-10 18:36:05.065 [restartedMain] INFO  o.a.c.core.ContainerBase.[Tomcat].[localhost].[/] - Initializing Spring embedded WebApplicationContext
2021-10-10 18:36:05.065 [restartedMain] INFO  o.s.b.w.s.c.ServletWebServerApplicationContext - Root WebApplicationContext: initialization completed in 1486 ms
2021-10-10 18:36:05.963 [restartedMain] INFO  s.d.s.w.PropertySourcedRequestMappingHandlerMapping - Mapped URL path [/v2/api-docs] onto method [springfox.documentation.swagger2.web.Swagger2Controller#getDocumentation(String, HttpServletRequest)]
2021-10-10 18:36:06.187 [restartedMain] INFO  o.s.b.d.autoconfigure.OptionalLiveReloadServer - LiveReload server is running on port 35729
2021-10-10 18:36:06.745 [restartedMain] INFO  org.apache.coyote.http11.Http11NioProtocol - Starting ProtocolHandler ["http-nio-8100"]
2021-10-10 18:36:06.768 [restartedMain] INFO  o.s.boot.web.embedded.tomcat.TomcatWebServer - Tomcat started on port(s): 8100 (http) with context path ''
2021-10-10 18:36:06.768 [restartedMain] INFO  s.d.s.web.plugins.DocumentationPluginsBootstrapper - Context refreshed
2021-10-10 18:36:06.779 [restartedMain] INFO  s.d.s.web.plugins.DocumentationPluginsBootstrapper - Found 1 custom documentation plugin(s)
2021-10-10 18:36:06.797 [restartedMain] INFO  s.d.spring.web.scanners.ApiListingReferenceScanner - Scanning for api listing references
2021-10-10 18:36:06.905 [restartedMain] INFO  com.origin.admin.OriginAdminApplication - Started OriginAdminApplication in 3.632 seconds (JVM running for 4.149)
2021-10-10 18:36:11.201 [http-nio-8100-exec-1] INFO  o.a.c.core.ContainerBase.[Tomcat].[localhost].[/] - Initializing Spring DispatcherServlet 'dispatcherServlet'
2021-10-10 18:36:11.201 [http-nio-8100-exec-1] INFO  org.springframework.web.servlet.DispatcherServlet - Initializing Servlet 'dispatcherServlet'
2021-10-10 18:36:11.203 [http-nio-8100-exec-1] INFO  org.springframework.web.servlet.DispatcherServlet - Completed initialization in 2 ms
2021-10-10 18:36:16.740 [http-nio-8100-exec-10] INFO  com.origin.admin.controller.AdminLoginController - 本次验证码为：uXEh, 已存入HttpSession中
2021-10-10 18:36:37.432 [http-nio-8100-exec-3] INFO  com.origin.admin.controller.AdminLoginController - 获取到HttpSession的验证码：uXEh
2021-10-10 18:36:37.800 [http-nio-8100-exec-3] INFO  com.alibaba.druid.pool.DruidDataSource - {dataSource-1} inited
2021-10-10 18:36:37.903 [http-nio-8100-exec-3] DEBUG c.o.admin.mapper.IAdminUserMapper.findUserName - ==>  Preparing: SELECT au.user_id userId, au.account, au.`password`, au.salt FROM admin_user au WHERE au.account = ?
2021-10-10 18:36:37.924 [http-nio-8100-exec-3] DEBUG c.o.admin.mapper.IAdminUserMapper.findUserName - ==> Parameters: tenglei(String)
2021-10-10 18:36:37.944 [http-nio-8100-exec-3] DEBUG c.o.admin.mapper.IAdminUserMapper.findUserName - <==      Total: 1
2021-10-10 18:36:37.952 [http-nio-8100-exec-3] INFO  com.origin.admin.utils.shiro.RedisCache - 登陆shiro redis cache 参数cacheName:authenticationCache; key：tenglei; value: tenglei
2021-10-10 18:37:24.146 [SpringContextShutdownHook] INFO  com.alibaba.druid.pool.DruidDataSource - {dataSource-1} closing ...
2021-10-10 18:37:24.152 [SpringContextShutdownHook] INFO  com.alibaba.druid.pool.DruidDataSource - {dataSource-1} closed
2021-10-10 18:37:28.467 [restartedMain] INFO  com.origin.admin.OriginAdminApplication - Starting OriginAdminApplication using Java 1.8.0_212 on MrTen.local with PID 51059 (/Users/UserTen/滕雷工作站/AllProjectFile/origin/origin-admin/target/classes started by mrteng in /Users/UserTen/滕雷工作站/AllProjectFile/origin)
2021-10-10 18:37:28.469 [restartedMain] INFO  com.origin.admin.OriginAdminApplication - The following profiles are active: druid
2021-10-10 18:37:28.500 [restartedMain] INFO  o.s.b.d.env.DevToolsPropertyDefaultsPostProcessor - Devtools property defaults active! Set 'spring.devtools.add-properties' to 'false' to disable
2021-10-10 18:37:28.500 [restartedMain] INFO  o.s.b.d.env.DevToolsPropertyDefaultsPostProcessor - For additional web related logging consider setting the 'logging.level.web' property to 'DEBUG'
2021-10-10 18:37:29.157 [restartedMain] INFO  o.s.d.r.config.RepositoryConfigurationDelegate - Multiple Spring Data modules found, entering strict repository configuration mode!
2021-10-10 18:37:29.159 [restartedMain] INFO  o.s.d.r.config.RepositoryConfigurationDelegate - Bootstrapping Spring Data Redis repositories in DEFAULT mode.
2021-10-10 18:37:29.180 [restartedMain] INFO  o.s.d.r.config.RepositoryConfigurationDelegate - Finished Spring Data repository scanning in 12 ms. Found 0 Redis repository interfaces.
2021-10-10 18:37:29.314 [restartedMain] INFO  o.s.c.s.PostProcessorRegistrationDelegate$BeanPostProcessorChecker - Bean 'org.apache.shiro.spring.boot.autoconfigure.ShiroBeanAutoConfiguration' of type [org.apache.shiro.spring.boot.autoconfigure.ShiroBeanAutoConfiguration$$EnhancerBySpringCGLIB$$6a0ccb] is not eligible for getting processed by all BeanPostProcessors (for example: not eligible for auto-proxying)
2021-10-10 18:37:29.322 [restartedMain] INFO  o.s.c.s.PostProcessorRegistrationDelegate$BeanPostProcessorChecker - Bean 'org.apache.shiro.spring.boot.autoconfigure.ShiroAnnotationProcessorAutoConfiguration' of type [org.apache.shiro.spring.boot.autoconfigure.ShiroAnnotationProcessorAutoConfiguration$$EnhancerBySpringCGLIB$$2fd4b70] is not eligible for getting processed by all BeanPostProcessors (for example: not eligible for auto-proxying)
2021-10-10 18:37:29.477 [restartedMain] INFO  o.s.c.s.PostProcessorRegistrationDelegate$BeanPostProcessorChecker - Bean 'shiroConfig' of type [com.origin.admin.config.ShiroConfig$$EnhancerBySpringCGLIB$$6221e3c1] is not eligible for getting processed by all BeanPostProcessors (for example: not eligible for auto-proxying)
2021-10-10 18:37:29.504 [restartedMain] INFO  com.origin.admin.utils.shiro.RedisCacheManager - RedisCacheManager.cacheName:com.origin.admin.utils.shiro.CustomerRealm.authorizationCache
2021-10-10 18:37:29.507 [restartedMain] INFO  com.origin.admin.utils.shiro.RedisCacheManager - RedisCacheManager.cacheName:authenticationCache
2021-10-10 18:37:29.507 [restartedMain] INFO  o.s.c.s.PostProcessorRegistrationDelegate$BeanPostProcessorChecker - Bean 'getRealm' of type [com.origin.admin.utils.shiro.CustomerRealm] is not eligible for getting processed by all BeanPostProcessors (for example: not eligible for auto-proxying)
2021-10-10 18:37:29.639 [restartedMain] INFO  o.s.c.s.PostProcessorRegistrationDelegate$BeanPostProcessorChecker - Bean 'getDefaultWebSecurityManager' of type [org.apache.shiro.web.mgt.DefaultWebSecurityManager] is not eligible for getting processed by all BeanPostProcessors (for example: not eligible for auto-proxying)
2021-10-10 18:37:29.663 [restartedMain] INFO  o.s.c.s.PostProcessorRegistrationDelegate$BeanPostProcessorChecker - Bean 'authorizationAttributeSourceAdvisor' of type [org.apache.shiro.spring.security.interceptor.AuthorizationAttributeSourceAdvisor] is not eligible for getting processed by all BeanPostProcessors (for example: not eligible for auto-proxying)
2021-10-10 18:37:29.672 [restartedMain] INFO  o.s.c.s.PostProcessorRegistrationDelegate$BeanPostProcessorChecker - Bean 'eventBus' of type [org.apache.shiro.event.support.DefaultEventBus] is not eligible for getting processed by all BeanPostProcessors (for example: not eligible for auto-proxying)
2021-10-10 18:37:29.962 [restartedMain] INFO  o.s.boot.web.embedded.tomcat.TomcatWebServer - Tomcat initialized with port(s): 8100 (http)
2021-10-10 18:37:29.968 [restartedMain] INFO  org.apache.coyote.http11.Http11NioProtocol - Initializing ProtocolHandler ["http-nio-8100"]
2021-10-10 18:37:29.969 [restartedMain] INFO  org.apache.catalina.core.StandardService - Starting service [Tomcat]
2021-10-10 18:37:29.969 [restartedMain] INFO  org.apache.catalina.core.StandardEngine - Starting Servlet engine: [Apache Tomcat/9.0.50]
2021-10-10 18:37:30.010 [restartedMain] INFO  o.a.c.core.ContainerBase.[Tomcat].[localhost].[/] - Initializing Spring embedded WebApplicationContext
2021-10-10 18:37:30.011 [restartedMain] INFO  o.s.b.w.s.c.ServletWebServerApplicationContext - Root WebApplicationContext: initialization completed in 1510 ms
2021-10-10 18:37:30.894 [restartedMain] INFO  s.d.s.w.PropertySourcedRequestMappingHandlerMapping - Mapped URL path [/v2/api-docs] onto method [springfox.documentation.swagger2.web.Swagger2Controller#getDocumentation(String, HttpServletRequest)]
2021-10-10 18:37:31.134 [restartedMain] INFO  o.s.b.d.autoconfigure.OptionalLiveReloadServer - LiveReload server is running on port 35729
2021-10-10 18:37:31.714 [restartedMain] INFO  org.apache.coyote.http11.Http11NioProtocol - Starting ProtocolHandler ["http-nio-8100"]
2021-10-10 18:37:31.737 [restartedMain] INFO  o.s.boot.web.embedded.tomcat.TomcatWebServer - Tomcat started on port(s): 8100 (http) with context path ''
2021-10-10 18:37:31.738 [restartedMain] INFO  s.d.s.web.plugins.DocumentationPluginsBootstrapper - Context refreshed
2021-10-10 18:37:31.748 [restartedMain] INFO  s.d.s.web.plugins.DocumentationPluginsBootstrapper - Found 1 custom documentation plugin(s)
2021-10-10 18:37:31.768 [restartedMain] INFO  s.d.spring.web.scanners.ApiListingReferenceScanner - Scanning for api listing references
2021-10-10 18:37:31.881 [restartedMain] INFO  com.origin.admin.OriginAdminApplication - Started OriginAdminApplication in 3.674 seconds (JVM running for 4.185)
2021-10-10 18:37:33.453 [http-nio-8100-exec-1] INFO  o.a.c.core.ContainerBase.[Tomcat].[localhost].[/] - Initializing Spring DispatcherServlet 'dispatcherServlet'
2021-10-10 18:37:33.455 [http-nio-8100-exec-1] INFO  org.springframework.web.servlet.DispatcherServlet - Initializing Servlet 'dispatcherServlet'
2021-10-10 18:37:33.457 [http-nio-8100-exec-1] INFO  org.springframework.web.servlet.DispatcherServlet - Completed initialization in 1 ms
2021-10-10 18:37:40.989 [http-nio-8100-exec-10] INFO  com.origin.admin.controller.AdminLoginController - 本次验证码为：htF7, 已存入HttpSession中
2021-10-10 18:37:56.543 [http-nio-8100-exec-3] INFO  com.origin.admin.controller.AdminLoginController - 获取到HttpSession的验证码：htF7
2021-10-10 18:37:56.943 [http-nio-8100-exec-3] INFO  com.alibaba.druid.pool.DruidDataSource - {dataSource-1} inited
2021-10-10 18:37:57.061 [http-nio-8100-exec-3] DEBUG c.o.admin.mapper.IAdminUserMapper.findUserName - ==>  Preparing: SELECT au.user_id userId, au.account, au.`password`, au.salt FROM admin_user au WHERE au.account = ?
2021-10-10 18:37:57.083 [http-nio-8100-exec-3] DEBUG c.o.admin.mapper.IAdminUserMapper.findUserName - ==> Parameters: chencheng(String)
2021-10-10 18:37:57.102 [http-nio-8100-exec-3] DEBUG c.o.admin.mapper.IAdminUserMapper.findUserName - <==      Total: 1
2021-10-10 18:37:57.107 [http-nio-8100-exec-3] INFO  com.origin.admin.utils.shiro.RedisCache - 登陆shiro redis cache 参数cacheName:authenticationCache; key：chencheng; value: chencheng
2021-10-10 18:45:11.836 [SpringContextShutdownHook] INFO  com.alibaba.druid.pool.DruidDataSource - {dataSource-1} closing ...
2021-10-10 18:45:11.841 [SpringContextShutdownHook] INFO  com.alibaba.druid.pool.DruidDataSource - {dataSource-1} closed
2021-10-10 18:45:17.033 [restartedMain] INFO  com.origin.admin.OriginAdminApplication - Starting OriginAdminApplication using Java 1.8.0_212 on MrTen.local with PID 51158 (/Users/UserTen/滕雷工作站/AllProjectFile/origin/origin-admin/target/classes started by mrteng in /Users/UserTen/滕雷工作站/AllProjectFile/origin)
2021-10-10 18:45:17.036 [restartedMain] INFO  com.origin.admin.OriginAdminApplication - The following profiles are active: druid
2021-10-10 18:45:17.070 [restartedMain] INFO  o.s.b.d.env.DevToolsPropertyDefaultsPostProcessor - Devtools property defaults active! Set 'spring.devtools.add-properties' to 'false' to disable
2021-10-10 18:45:17.070 [restartedMain] INFO  o.s.b.d.env.DevToolsPropertyDefaultsPostProcessor - For additional web related logging consider setting the 'logging.level.web' property to 'DEBUG'
2021-10-10 18:45:17.736 [restartedMain] INFO  o.s.d.r.config.RepositoryConfigurationDelegate - Multiple Spring Data modules found, entering strict repository configuration mode!
2021-10-10 18:45:17.737 [restartedMain] INFO  o.s.d.r.config.RepositoryConfigurationDelegate - Bootstrapping Spring Data Redis repositories in DEFAULT mode.
2021-10-10 18:45:17.759 [restartedMain] INFO  o.s.d.r.config.RepositoryConfigurationDelegate - Finished Spring Data repository scanning in 12 ms. Found 0 Redis repository interfaces.
2021-10-10 18:45:17.895 [restartedMain] INFO  o.s.c.s.PostProcessorRegistrationDelegate$BeanPostProcessorChecker - Bean 'org.apache.shiro.spring.boot.autoconfigure.ShiroBeanAutoConfiguration' of type [org.apache.shiro.spring.boot.autoconfigure.ShiroBeanAutoConfiguration$$EnhancerBySpringCGLIB$$60bd755] is not eligible for getting processed by all BeanPostProcessors (for example: not eligible for auto-proxying)
2021-10-10 18:45:17.905 [restartedMain] INFO  o.s.c.s.PostProcessorRegistrationDelegate$BeanPostProcessorChecker - Bean 'org.apache.shiro.spring.boot.autoconfigure.ShiroAnnotationProcessorAutoConfiguration' of type [org.apache.shiro.spring.boot.autoconfigure.ShiroAnnotationProcessorAutoConfiguration$$EnhancerBySpringCGLIB$$89f15fa] is not eligible for getting processed by all BeanPostProcessors (for example: not eligible for auto-proxying)
2021-10-10 18:45:18.061 [restartedMain] INFO  o.s.c.s.PostProcessorRegistrationDelegate$BeanPostProcessorChecker - Bean 'shiroConfig' of type [com.origin.admin.config.ShiroConfig$$EnhancerBySpringCGLIB$$67c3ae4b] is not eligible for getting processed by all BeanPostProcessors (for example: not eligible for auto-proxying)
2021-10-10 18:45:18.088 [restartedMain] INFO  com.origin.admin.utils.shiro.RedisCacheManager - RedisCacheManager.cacheName:com.origin.admin.utils.shiro.CustomerRealm.authorizationCache
2021-10-10 18:45:18.091 [restartedMain] INFO  com.origin.admin.utils.shiro.RedisCacheManager - RedisCacheManager.cacheName:authenticationCache
2021-10-10 18:45:18.092 [restartedMain] INFO  o.s.c.s.PostProcessorRegistrationDelegate$BeanPostProcessorChecker - Bean 'getRealm' of type [com.origin.admin.utils.shiro.CustomerRealm] is not eligible for getting processed by all BeanPostProcessors (for example: not eligible for auto-proxying)
2021-10-10 18:45:18.225 [restartedMain] INFO  o.s.c.s.PostProcessorRegistrationDelegate$BeanPostProcessorChecker - Bean 'getDefaultWebSecurityManager' of type [org.apache.shiro.web.mgt.DefaultWebSecurityManager] is not eligible for getting processed by all BeanPostProcessors (for example: not eligible for auto-proxying)
2021-10-10 18:45:18.246 [restartedMain] INFO  o.s.c.s.PostProcessorRegistrationDelegate$BeanPostProcessorChecker - Bean 'authorizationAttributeSourceAdvisor' of type [org.apache.shiro.spring.security.interceptor.AuthorizationAttributeSourceAdvisor] is not eligible for getting processed by all BeanPostProcessors (for example: not eligible for auto-proxying)
2021-10-10 18:45:18.256 [restartedMain] INFO  o.s.c.s.PostProcessorRegistrationDelegate$BeanPostProcessorChecker - Bean 'eventBus' of type [org.apache.shiro.event.support.DefaultEventBus] is not eligible for getting processed by all BeanPostProcessors (for example: not eligible for auto-proxying)
2021-10-10 18:45:18.540 [restartedMain] INFO  o.s.boot.web.embedded.tomcat.TomcatWebServer - Tomcat initialized with port(s): 8100 (http)
2021-10-10 18:45:18.546 [restartedMain] INFO  org.apache.coyote.http11.Http11NioProtocol - Initializing ProtocolHandler ["http-nio-8100"]
2021-10-10 18:45:18.546 [restartedMain] INFO  org.apache.catalina.core.StandardService - Starting service [Tomcat]
2021-10-10 18:45:18.546 [restartedMain] INFO  org.apache.catalina.core.StandardEngine - Starting Servlet engine: [Apache Tomcat/9.0.50]
2021-10-10 18:45:18.588 [restartedMain] INFO  o.a.c.core.ContainerBase.[Tomcat].[localhost].[/] - Initializing Spring embedded WebApplicationContext
2021-10-10 18:45:18.589 [restartedMain] INFO  o.s.b.w.s.c.ServletWebServerApplicationContext - Root WebApplicationContext: initialization completed in 1518 ms
2021-10-10 18:45:19.538 [restartedMain] INFO  s.d.s.w.PropertySourcedRequestMappingHandlerMapping - Mapped URL path [/v2/api-docs] onto method [springfox.documentation.swagger2.web.Swagger2Controller#getDocumentation(String, HttpServletRequest)]
2021-10-10 18:45:19.768 [restartedMain] INFO  o.s.b.d.autoconfigure.OptionalLiveReloadServer - LiveReload server is running on port 35729
2021-10-10 18:45:20.343 [restartedMain] INFO  org.apache.coyote.http11.Http11NioProtocol - Starting ProtocolHandler ["http-nio-8100"]
2021-10-10 18:45:20.365 [restartedMain] INFO  o.s.boot.web.embedded.tomcat.TomcatWebServer - Tomcat started on port(s): 8100 (http) with context path ''
2021-10-10 18:45:20.366 [restartedMain] INFO  s.d.s.web.plugins.DocumentationPluginsBootstrapper - Context refreshed
2021-10-10 18:45:20.376 [restartedMain] INFO  s.d.s.web.plugins.DocumentationPluginsBootstrapper - Found 1 custom documentation plugin(s)
2021-10-10 18:45:20.394 [restartedMain] INFO  s.d.spring.web.scanners.ApiListingReferenceScanner - Scanning for api listing references
2021-10-10 18:45:20.508 [restartedMain] INFO  com.origin.admin.OriginAdminApplication - Started OriginAdminApplication in 3.742 seconds (JVM running for 4.261)
2021-10-10 18:45:24.006 [http-nio-8100-exec-1] INFO  o.a.c.core.ContainerBase.[Tomcat].[localhost].[/] - Initializing Spring DispatcherServlet 'dispatcherServlet'
2021-10-10 18:45:24.006 [http-nio-8100-exec-1] INFO  org.springframework.web.servlet.DispatcherServlet - Initializing Servlet 'dispatcherServlet'
2021-10-10 18:45:24.008 [http-nio-8100-exec-1] INFO  org.springframework.web.servlet.DispatcherServlet - Completed initialization in 2 ms
2021-10-10 18:45:32.063 [http-nio-8100-exec-10] INFO  com.origin.admin.controller.AdminLoginController - 本次验证码为：q3VY, 已存入HttpSession中
2021-10-10 18:45:47.965 [http-nio-8100-exec-3] INFO  com.origin.admin.controller.AdminLoginController - 获取到HttpSession的验证码：q3VY
2021-10-10 18:45:48.321 [http-nio-8100-exec-3] INFO  com.alibaba.druid.pool.DruidDataSource - {dataSource-1} inited
2021-10-10 18:45:48.400 [http-nio-8100-exec-3] DEBUG c.o.admin.mapper.IAdminUserMapper.findUserName - ==>  Preparing: SELECT au.user_id userId, au.account, au.`password`, au.salt FROM admin_user au WHERE au.account = ?
2021-10-10 18:45:48.418 [http-nio-8100-exec-3] DEBUG c.o.admin.mapper.IAdminUserMapper.findUserName - ==> Parameters: tenglei(String)
2021-10-10 18:45:48.435 [http-nio-8100-exec-3] DEBUG c.o.admin.mapper.IAdminUserMapper.findUserName - <==      Total: 1
2021-10-10 18:45:48.440 [http-nio-8100-exec-3] INFO  com.origin.admin.utils.shiro.RedisCache - 登陆shiro redis cache 参数cacheName:authenticationCache; key：tenglei; value: tenglei
2021-10-10 18:46:11.118 [http-nio-8100-exec-5] INFO  com.origin.admin.utils.TokenUtil - getHttpServletRequestInfo:host:localhost:8100;connection:keep-alive;content-length:0;sec-ch-ua:"Chromium";v="94", "Google Chrome";v="94", ";Not A Brand";v="99";accept:*/*;sec-ch-ua-mobile:?0;user-agent:Mozilla/5.0 (Macintosh; Intel Mac OS X 10_15_7) AppleWebKit/537.36 (KHTML, like Gecko) Chrome/94.0.4606.61 Safari/537.36;sec-ch-ua-platform:"macOS";origin:http://localhost:8100;sec-fetch-site:same-origin;sec-fetch-mode:cors;sec-fetch-dest:empty;referer:http://localhost:8100/swagger-ui.html;accept-encoding:gzip, deflate, br;accept-language:zh-CN,zh;q=0.9;cookie:JSESSIONID=AA55345F7BEFE7668BC7419B1698E6C4;
2021-10-10 18:51:45.710 [SpringContextShutdownHook] INFO  com.alibaba.druid.pool.DruidDataSource - {dataSource-1} closing ...
2021-10-10 18:51:45.717 [SpringContextShutdownHook] INFO  com.alibaba.druid.pool.DruidDataSource - {dataSource-1} closed
2021-10-10 18:51:51.091 [restartedMain] INFO  com.origin.admin.OriginAdminApplication - Starting OriginAdminApplication using Java 1.8.0_212 on MrTen.local with PID 51216 (/Users/UserTen/滕雷工作站/AllProjectFile/origin/origin-admin/target/classes started by mrteng in /Users/UserTen/滕雷工作站/AllProjectFile/origin)
2021-10-10 18:51:51.093 [restartedMain] INFO  com.origin.admin.OriginAdminApplication - The following profiles are active: druid
2021-10-10 18:51:51.123 [restartedMain] INFO  o.s.b.d.env.DevToolsPropertyDefaultsPostProcessor - Devtools property defaults active! Set 'spring.devtools.add-properties' to 'false' to disable
2021-10-10 18:51:51.123 [restartedMain] INFO  o.s.b.d.env.DevToolsPropertyDefaultsPostProcessor - For additional web related logging consider setting the 'logging.level.web' property to 'DEBUG'
2021-10-10 18:51:51.772 [restartedMain] INFO  o.s.d.r.config.RepositoryConfigurationDelegate - Multiple Spring Data modules found, entering strict repository configuration mode!
2021-10-10 18:51:51.774 [restartedMain] INFO  o.s.d.r.config.RepositoryConfigurationDelegate - Bootstrapping Spring Data Redis repositories in DEFAULT mode.
2021-10-10 18:51:51.795 [restartedMain] INFO  o.s.d.r.config.RepositoryConfigurationDelegate - Finished Spring Data repository scanning in 12 ms. Found 0 Redis repository interfaces.
2021-10-10 18:51:51.931 [restartedMain] INFO  o.s.c.s.PostProcessorRegistrationDelegate$BeanPostProcessorChecker - Bean 'org.apache.shiro.spring.boot.autoconfigure.ShiroBeanAutoConfiguration' of type [org.apache.shiro.spring.boot.autoconfigure.ShiroBeanAutoConfiguration$$EnhancerBySpringCGLIB$$6a0ccb] is not eligible for getting processed by all BeanPostProcessors (for example: not eligible for auto-proxying)
2021-10-10 18:51:51.939 [restartedMain] INFO  o.s.c.s.PostProcessorRegistrationDelegate$BeanPostProcessorChecker - Bean 'org.apache.shiro.spring.boot.autoconfigure.ShiroAnnotationProcessorAutoConfiguration' of type [org.apache.shiro.spring.boot.autoconfigure.ShiroAnnotationProcessorAutoConfiguration$$EnhancerBySpringCGLIB$$2fd4b70] is not eligible for getting processed by all BeanPostProcessors (for example: not eligible for auto-proxying)
2021-10-10 18:51:52.094 [restartedMain] INFO  o.s.c.s.PostProcessorRegistrationDelegate$BeanPostProcessorChecker - Bean 'shiroConfig' of type [com.origin.admin.config.ShiroConfig$$EnhancerBySpringCGLIB$$6221e3c1] is not eligible for getting processed by all BeanPostProcessors (for example: not eligible for auto-proxying)
2021-10-10 18:51:52.120 [restartedMain] INFO  com.origin.admin.utils.shiro.RedisCacheManager - RedisCacheManager.cacheName:com.origin.admin.utils.shiro.CustomerRealm.authorizationCache
2021-10-10 18:51:52.123 [restartedMain] INFO  com.origin.admin.utils.shiro.RedisCacheManager - RedisCacheManager.cacheName:authenticationCache
2021-10-10 18:51:52.123 [restartedMain] INFO  o.s.c.s.PostProcessorRegistrationDelegate$BeanPostProcessorChecker - Bean 'getRealm' of type [com.origin.admin.utils.shiro.CustomerRealm] is not eligible for getting processed by all BeanPostProcessors (for example: not eligible for auto-proxying)
2021-10-10 18:51:52.254 [restartedMain] INFO  o.s.c.s.PostProcessorRegistrationDelegate$BeanPostProcessorChecker - Bean 'getDefaultWebSecurityManager' of type [org.apache.shiro.web.mgt.DefaultWebSecurityManager] is not eligible for getting processed by all BeanPostProcessors (for example: not eligible for auto-proxying)
2021-10-10 18:51:52.276 [restartedMain] INFO  o.s.c.s.PostProcessorRegistrationDelegate$BeanPostProcessorChecker - Bean 'authorizationAttributeSourceAdvisor' of type [org.apache.shiro.spring.security.interceptor.AuthorizationAttributeSourceAdvisor] is not eligible for getting processed by all BeanPostProcessors (for example: not eligible for auto-proxying)
2021-10-10 18:51:52.286 [restartedMain] INFO  o.s.c.s.PostProcessorRegistrationDelegate$BeanPostProcessorChecker - Bean 'eventBus' of type [org.apache.shiro.event.support.DefaultEventBus] is not eligible for getting processed by all BeanPostProcessors (for example: not eligible for auto-proxying)
2021-10-10 18:51:52.577 [restartedMain] INFO  o.s.boot.web.embedded.tomcat.TomcatWebServer - Tomcat initialized with port(s): 8100 (http)
2021-10-10 18:51:52.582 [restartedMain] INFO  org.apache.coyote.http11.Http11NioProtocol - Initializing ProtocolHandler ["http-nio-8100"]
2021-10-10 18:51:52.583 [restartedMain] INFO  org.apache.catalina.core.StandardService - Starting service [Tomcat]
2021-10-10 18:51:52.583 [restartedMain] INFO  org.apache.catalina.core.StandardEngine - Starting Servlet engine: [Apache Tomcat/9.0.50]
2021-10-10 18:51:52.626 [restartedMain] INFO  o.a.c.core.ContainerBase.[Tomcat].[localhost].[/] - Initializing Spring embedded WebApplicationContext
2021-10-10 18:51:52.626 [restartedMain] INFO  o.s.b.w.s.c.ServletWebServerApplicationContext - Root WebApplicationContext: initialization completed in 1502 ms
2021-10-10 18:51:53.516 [restartedMain] INFO  s.d.s.w.PropertySourcedRequestMappingHandlerMapping - Mapped URL path [/v2/api-docs] onto method [springfox.documentation.swagger2.web.Swagger2Controller#getDocumentation(String, HttpServletRequest)]
2021-10-10 18:51:53.737 [restartedMain] INFO  o.s.b.d.autoconfigure.OptionalLiveReloadServer - LiveReload server is running on port 35729
2021-10-10 18:51:54.299 [restartedMain] INFO  org.apache.coyote.http11.Http11NioProtocol - Starting ProtocolHandler ["http-nio-8100"]
2021-10-10 18:51:54.321 [restartedMain] INFO  o.s.boot.web.embedded.tomcat.TomcatWebServer - Tomcat started on port(s): 8100 (http) with context path ''
2021-10-10 18:51:54.322 [restartedMain] INFO  s.d.s.web.plugins.DocumentationPluginsBootstrapper - Context refreshed
2021-10-10 18:51:54.332 [restartedMain] INFO  s.d.s.web.plugins.DocumentationPluginsBootstrapper - Found 1 custom documentation plugin(s)
2021-10-10 18:51:54.350 [restartedMain] INFO  s.d.spring.web.scanners.ApiListingReferenceScanner - Scanning for api listing references
2021-10-10 18:51:54.461 [restartedMain] INFO  com.origin.admin.OriginAdminApplication - Started OriginAdminApplication in 3.631 seconds (JVM running for 4.139)
2021-10-10 18:52:16.996 [http-nio-8100-exec-1] INFO  o.a.c.core.ContainerBase.[Tomcat].[localhost].[/] - Initializing Spring DispatcherServlet 'dispatcherServlet'
2021-10-10 18:52:16.996 [http-nio-8100-exec-1] INFO  org.springframework.web.servlet.DispatcherServlet - Initializing Servlet 'dispatcherServlet'
2021-10-10 18:52:16.998 [http-nio-8100-exec-1] INFO  org.springframework.web.servlet.DispatcherServlet - Completed initialization in 1 ms
2021-10-10 18:52:25.561 [http-nio-8100-exec-10] INFO  com.origin.admin.controller.AdminLoginController - 本次验证码为：uLmZ, 已存入HttpSession中
2021-10-10 18:53:00.523 [http-nio-8100-exec-2] INFO  com.origin.admin.controller.AdminLoginController - 获取到HttpSession的验证码：uLmZ
2021-10-10 18:53:00.986 [http-nio-8100-exec-2] INFO  com.alibaba.druid.pool.DruidDataSource - {dataSource-1} inited
2021-10-10 18:53:01.096 [http-nio-8100-exec-2] DEBUG c.o.admin.mapper.IAdminUserMapper.findUserName - ==>  Preparing: SELECT au.user_id userId, au.account, au.`password`, au.salt FROM admin_user au WHERE au.account = ?
2021-10-10 18:53:01.115 [http-nio-8100-exec-2] DEBUG c.o.admin.mapper.IAdminUserMapper.findUserName - ==> Parameters: tenglei(String)
2021-10-10 18:53:01.132 [http-nio-8100-exec-2] DEBUG c.o.admin.mapper.IAdminUserMapper.findUserName - <==      Total: 1
2021-10-10 18:53:01.137 [http-nio-8100-exec-2] INFO  com.origin.admin.utils.shiro.RedisCache - 登陆shiro redis cache 参数cacheName:authenticationCache; key：tenglei; value: tenglei
2021-10-10 18:53:15.989 [http-nio-8100-exec-6] INFO  com.origin.admin.utils.TokenUtil - getHttpServletRequestInfo:host:localhost:8100;connection:keep-alive;content-length:0;sec-ch-ua:"Chromium";v="94", "Google Chrome";v="94", ";Not A Brand";v="99";accept:*/*;access-token:eyJ0eXBlIjoiand0IiwiYWxnIjoiSFMyNTYiLCJ0eXAiOiJKV1QifQ.eyJwYXNzd29yZCI6IjEyMzQ1NiIsImV4cCI6MTYzMzg2MzI2NywiYWNjb3VudCI6InRlbmdsZWkifQ.ajcWjg6WCfIyLgtDALf5kc1df16-71aKQLk7ijnI0vM;sec-ch-ua-mobile:?0;user-agent:Mozilla/5.0 (Macintosh; Intel Mac OS X 10_15_7) AppleWebKit/537.36 (KHTML, like Gecko) Chrome/94.0.4606.61 Safari/537.36;sec-ch-ua-platform:"macOS";origin:http://localhost:8100;sec-fetch-site:same-origin;sec-fetch-mode:cors;sec-fetch-dest:empty;referer:http://localhost:8100/swagger-ui.html;accept-encoding:gzip, deflate, br;accept-language:zh-CN,zh;q=0.9;cookie:JSESSIONID=5336D140DECCE983E595E84021B0209B;
2021-10-10 19:54:52.531 [SpringContextShutdownHook] INFO  com.alibaba.druid.pool.DruidDataSource - {dataSource-1} closing ...
2021-10-10 19:54:52.533 [SpringContextShutdownHook] INFO  com.alibaba.druid.pool.DruidDataSource - {dataSource-1} closed
2021-10-10 19:54:58.942 [restartedMain] INFO  com.origin.admin.OriginAdminApplication - Starting OriginAdminApplication using Java 1.8.0_212 on MrTen.local with PID 51717 (/Users/UserTen/滕雷工作站/AllProjectFile/origin/origin-admin/target/classes started by mrteng in /Users/UserTen/滕雷工作站/AllProjectFile/origin)
2021-10-10 19:54:58.943 [restartedMain] INFO  com.origin.admin.OriginAdminApplication - The following profiles are active: druid
2021-10-10 19:54:58.972 [restartedMain] INFO  o.s.b.d.env.DevToolsPropertyDefaultsPostProcessor - Devtools property defaults active! Set 'spring.devtools.add-properties' to 'false' to disable
2021-10-10 19:54:58.972 [restartedMain] INFO  o.s.b.d.env.DevToolsPropertyDefaultsPostProcessor - For additional web related logging consider setting the 'logging.level.web' property to 'DEBUG'
2021-10-10 19:54:59.635 [restartedMain] INFO  o.s.d.r.config.RepositoryConfigurationDelegate - Multiple Spring Data modules found, entering strict repository configuration mode!
2021-10-10 19:54:59.636 [restartedMain] INFO  o.s.d.r.config.RepositoryConfigurationDelegate - Bootstrapping Spring Data Redis repositories in DEFAULT mode.
2021-10-10 19:54:59.659 [restartedMain] INFO  o.s.d.r.config.RepositoryConfigurationDelegate - Finished Spring Data repository scanning in 14 ms. Found 0 Redis repository interfaces.
2021-10-10 19:54:59.793 [restartedMain] INFO  o.s.c.s.PostProcessorRegistrationDelegate$BeanPostProcessorChecker - Bean 'org.apache.shiro.spring.boot.autoconfigure.ShiroBeanAutoConfiguration' of type [org.apache.shiro.spring.boot.autoconfigure.ShiroBeanAutoConfiguration$$EnhancerBySpringCGLIB$$7349c4af] is not eligible for getting processed by all BeanPostProcessors (for example: not eligible for auto-proxying)
2021-10-10 19:54:59.801 [restartedMain] INFO  o.s.c.s.PostProcessorRegistrationDelegate$BeanPostProcessorChecker - Bean 'org.apache.shiro.spring.boot.autoconfigure.ShiroAnnotationProcessorAutoConfiguration' of type [org.apache.shiro.spring.boot.autoconfigure.ShiroAnnotationProcessorAutoConfiguration$$EnhancerBySpringCGLIB$$75dd0354] is not eligible for getting processed by all BeanPostProcessors (for example: not eligible for auto-proxying)
2021-10-10 19:54:59.958 [restartedMain] INFO  o.s.c.s.PostProcessorRegistrationDelegate$BeanPostProcessorChecker - Bean 'shiroConfig' of type [com.origin.admin.config.ShiroConfig$$EnhancerBySpringCGLIB$$d5019ba5] is not eligible for getting processed by all BeanPostProcessors (for example: not eligible for auto-proxying)
2021-10-10 19:54:59.984 [restartedMain] INFO  com.origin.admin.utils.shiro.RedisCacheManager - RedisCacheManager.cacheName:com.origin.admin.utils.shiro.CustomerRealm.authorizationCache
2021-10-10 19:54:59.987 [restartedMain] INFO  com.origin.admin.utils.shiro.RedisCacheManager - RedisCacheManager.cacheName:authenticationCache
2021-10-10 19:54:59.987 [restartedMain] INFO  o.s.c.s.PostProcessorRegistrationDelegate$BeanPostProcessorChecker - Bean 'getRealm' of type [com.origin.admin.utils.shiro.CustomerRealm] is not eligible for getting processed by all BeanPostProcessors (for example: not eligible for auto-proxying)
2021-10-10 19:55:00.119 [restartedMain] INFO  o.s.c.s.PostProcessorRegistrationDelegate$BeanPostProcessorChecker - Bean 'getDefaultWebSecurityManager' of type [org.apache.shiro.web.mgt.DefaultWebSecurityManager] is not eligible for getting processed by all BeanPostProcessors (for example: not eligible for auto-proxying)
2021-10-10 19:55:00.140 [restartedMain] INFO  o.s.c.s.PostProcessorRegistrationDelegate$BeanPostProcessorChecker - Bean 'authorizationAttributeSourceAdvisor' of type [org.apache.shiro.spring.security.interceptor.AuthorizationAttributeSourceAdvisor] is not eligible for getting processed by all BeanPostProcessors (for example: not eligible for auto-proxying)
2021-10-10 19:55:00.150 [restartedMain] INFO  o.s.c.s.PostProcessorRegistrationDelegate$BeanPostProcessorChecker - Bean 'eventBus' of type [org.apache.shiro.event.support.DefaultEventBus] is not eligible for getting processed by all BeanPostProcessors (for example: not eligible for auto-proxying)
2021-10-10 19:55:00.443 [restartedMain] INFO  o.s.boot.web.embedded.tomcat.TomcatWebServer - Tomcat initialized with port(s): 8100 (http)
2021-10-10 19:55:00.449 [restartedMain] INFO  org.apache.coyote.http11.Http11NioProtocol - Initializing ProtocolHandler ["http-nio-8100"]
2021-10-10 19:55:00.449 [restartedMain] INFO  org.apache.catalina.core.StandardService - Starting service [Tomcat]
2021-10-10 19:55:00.449 [restartedMain] INFO  org.apache.catalina.core.StandardEngine - Starting Servlet engine: [Apache Tomcat/9.0.50]
2021-10-10 19:55:00.492 [restartedMain] INFO  o.a.c.core.ContainerBase.[Tomcat].[localhost].[/] - Initializing Spring embedded WebApplicationContext
2021-10-10 19:55:00.492 [restartedMain] INFO  o.s.b.w.s.c.ServletWebServerApplicationContext - Root WebApplicationContext: initialization completed in 1520 ms
2021-10-10 19:55:01.373 [restartedMain] INFO  s.d.s.w.PropertySourcedRequestMappingHandlerMapping - Mapped URL path [/v2/api-docs] onto method [springfox.documentation.swagger2.web.Swagger2Controller#getDocumentation(String, HttpServletRequest)]
2021-10-10 19:55:01.592 [restartedMain] INFO  o.s.b.d.autoconfigure.OptionalLiveReloadServer - LiveReload server is running on port 35729
2021-10-10 19:55:02.148 [restartedMain] INFO  org.apache.coyote.http11.Http11NioProtocol - Starting ProtocolHandler ["http-nio-8100"]
2021-10-10 19:55:02.170 [restartedMain] INFO  o.s.boot.web.embedded.tomcat.TomcatWebServer - Tomcat started on port(s): 8100 (http) with context path ''
2021-10-10 19:55:02.171 [restartedMain] INFO  s.d.s.web.plugins.DocumentationPluginsBootstrapper - Context refreshed
2021-10-10 19:55:02.181 [restartedMain] INFO  s.d.s.web.plugins.DocumentationPluginsBootstrapper - Found 1 custom documentation plugin(s)
2021-10-10 19:55:02.199 [restartedMain] INFO  s.d.spring.web.scanners.ApiListingReferenceScanner - Scanning for api listing references
2021-10-10 19:55:02.309 [restartedMain] INFO  com.origin.admin.OriginAdminApplication - Started OriginAdminApplication in 3.624 seconds (JVM running for 4.146)
2021-10-10 19:55:36.530 [http-nio-8100-exec-1] INFO  o.a.c.core.ContainerBase.[Tomcat].[localhost].[/] - Initializing Spring DispatcherServlet 'dispatcherServlet'
2021-10-10 19:55:36.531 [http-nio-8100-exec-1] INFO  org.springframework.web.servlet.DispatcherServlet - Initializing Servlet 'dispatcherServlet'
2021-10-10 19:55:36.534 [http-nio-8100-exec-1] INFO  org.springframework.web.servlet.DispatcherServlet - Completed initialization in 3 ms
2021-10-10 19:55:43.601 [http-nio-8100-exec-10] INFO  com.origin.admin.controller.AdminLoginController - 本次验证码为：h8Yh, 已存入HttpSession中
2021-10-10 19:56:02.450 [http-nio-8100-exec-3] INFO  com.origin.admin.controller.AdminLoginController - 获取到HttpSession的验证码：h8Yh
2021-10-10 19:56:02.851 [http-nio-8100-exec-3] INFO  com.alibaba.druid.pool.DruidDataSource - {dataSource-1} inited
2021-10-10 19:56:02.959 [http-nio-8100-exec-3] DEBUG c.o.admin.mapper.IAdminUserMapper.findUserName - ==>  Preparing: SELECT au.user_id userId, au.account, au.`password`, au.salt FROM admin_user au WHERE au.account = ?
2021-10-10 19:56:02.982 [http-nio-8100-exec-3] DEBUG c.o.admin.mapper.IAdminUserMapper.findUserName - ==> Parameters: tenglei(String)
2021-10-10 19:56:03.003 [http-nio-8100-exec-3] DEBUG c.o.admin.mapper.IAdminUserMapper.findUserName - <==      Total: 1
2021-10-10 19:56:03.009 [http-nio-8100-exec-3] INFO  com.origin.admin.utils.shiro.RedisCache - 登陆shiro redis cache 参数cacheName:authenticationCache; key：tenglei; value: tenglei
2021-10-10 20:01:41.401 [SpringContextShutdownHook] INFO  com.alibaba.druid.pool.DruidDataSource - {dataSource-1} closing ...
2021-10-10 20:01:41.406 [SpringContextShutdownHook] INFO  com.alibaba.druid.pool.DruidDataSource - {dataSource-1} closed
2021-10-10 20:06:54.867 [restartedMain] INFO  com.origin.admin.OriginAdminApplication - Starting OriginAdminApplication using Java 1.8.0_212 on MrTen.local with PID 51850 (/Users/UserTen/滕雷工作站/AllProjectFile/origin/origin-admin/target/classes started by mrteng in /Users/UserTen/滕雷工作站/AllProjectFile/origin)
2021-10-10 20:06:54.869 [restartedMain] INFO  com.origin.admin.OriginAdminApplication - The following profiles are active: druid
2021-10-10 20:06:54.907 [restartedMain] INFO  o.s.b.d.env.DevToolsPropertyDefaultsPostProcessor - Devtools property defaults active! Set 'spring.devtools.add-properties' to 'false' to disable
2021-10-10 20:06:54.908 [restartedMain] INFO  o.s.b.d.env.DevToolsPropertyDefaultsPostProcessor - For additional web related logging consider setting the 'logging.level.web' property to 'DEBUG'
2021-10-10 20:06:55.531 [restartedMain] INFO  o.s.d.r.config.RepositoryConfigurationDelegate - Multiple Spring Data modules found, entering strict repository configuration mode!
2021-10-10 20:06:55.533 [restartedMain] INFO  o.s.d.r.config.RepositoryConfigurationDelegate - Bootstrapping Spring Data Redis repositories in DEFAULT mode.
2021-10-10 20:06:55.563 [restartedMain] INFO  o.s.d.r.config.RepositoryConfigurationDelegate - Finished Spring Data repository scanning in 12 ms. Found 0 Redis repository interfaces.
2021-10-10 20:06:55.699 [restartedMain] INFO  o.s.c.s.PostProcessorRegistrationDelegate$BeanPostProcessorChecker - Bean 'org.apache.shiro.spring.boot.autoconfigure.ShiroBeanAutoConfiguration' of type [org.apache.shiro.spring.boot.autoconfigure.ShiroBeanAutoConfiguration$$EnhancerBySpringCGLIB$$6a0ccb] is not eligible for getting processed by all BeanPostProcessors (for example: not eligible for auto-proxying)
2021-10-10 20:06:55.707 [restartedMain] INFO  o.s.c.s.PostProcessorRegistrationDelegate$BeanPostProcessorChecker - Bean 'org.apache.shiro.spring.boot.autoconfigure.ShiroAnnotationProcessorAutoConfiguration' of type [org.apache.shiro.spring.boot.autoconfigure.ShiroAnnotationProcessorAutoConfiguration$$EnhancerBySpringCGLIB$$2fd4b70] is not eligible for getting processed by all BeanPostProcessors (for example: not eligible for auto-proxying)
2021-10-10 20:06:55.863 [restartedMain] INFO  o.s.c.s.PostProcessorRegistrationDelegate$BeanPostProcessorChecker - Bean 'shiroConfig' of type [com.origin.admin.config.ShiroConfig$$EnhancerBySpringCGLIB$$6221e3c1] is not eligible for getting processed by all BeanPostProcessors (for example: not eligible for auto-proxying)
2021-10-10 20:06:55.889 [restartedMain] INFO  com.origin.admin.utils.shiro.RedisCacheManager - RedisCacheManager.cacheName:com.origin.admin.utils.shiro.CustomerRealm.authorizationCache
2021-10-10 20:06:55.892 [restartedMain] INFO  com.origin.admin.utils.shiro.RedisCacheManager - RedisCacheManager.cacheName:authenticationCache
2021-10-10 20:06:55.893 [restartedMain] INFO  o.s.c.s.PostProcessorRegistrationDelegate$BeanPostProcessorChecker - Bean 'getRealm' of type [com.origin.admin.utils.shiro.CustomerRealm] is not eligible for getting processed by all BeanPostProcessors (for example: not eligible for auto-proxying)
2021-10-10 20:06:56.023 [restartedMain] INFO  o.s.c.s.PostProcessorRegistrationDelegate$BeanPostProcessorChecker - Bean 'getDefaultWebSecurityManager' of type [org.apache.shiro.web.mgt.DefaultWebSecurityManager] is not eligible for getting processed by all BeanPostProcessors (for example: not eligible for auto-proxying)
2021-10-10 20:06:56.044 [restartedMain] INFO  o.s.c.s.PostProcessorRegistrationDelegate$BeanPostProcessorChecker - Bean 'authorizationAttributeSourceAdvisor' of type [org.apache.shiro.spring.security.interceptor.AuthorizationAttributeSourceAdvisor] is not eligible for getting processed by all BeanPostProcessors (for example: not eligible for auto-proxying)
2021-10-10 20:06:56.054 [restartedMain] INFO  o.s.c.s.PostProcessorRegistrationDelegate$BeanPostProcessorChecker - Bean 'eventBus' of type [org.apache.shiro.event.support.DefaultEventBus] is not eligible for getting processed by all BeanPostProcessors (for example: not eligible for auto-proxying)
2021-10-10 20:06:56.334 [restartedMain] INFO  o.s.boot.web.embedded.tomcat.TomcatWebServer - Tomcat initialized with port(s): 8100 (http)
2021-10-10 20:06:56.340 [restartedMain] INFO  org.apache.coyote.http11.Http11NioProtocol - Initializing ProtocolHandler ["http-nio-8100"]
2021-10-10 20:06:56.341 [restartedMain] INFO  org.apache.catalina.core.StandardService - Starting service [Tomcat]
2021-10-10 20:06:56.341 [restartedMain] INFO  org.apache.catalina.core.StandardEngine - Starting Servlet engine: [Apache Tomcat/9.0.50]
2021-10-10 20:06:56.383 [restartedMain] INFO  o.a.c.core.ContainerBase.[Tomcat].[localhost].[/] - Initializing Spring embedded WebApplicationContext
2021-10-10 20:06:56.383 [restartedMain] INFO  o.s.b.w.s.c.ServletWebServerApplicationContext - Root WebApplicationContext: initialization completed in 1475 ms
2021-10-10 20:06:57.273 [restartedMain] INFO  s.d.s.w.PropertySourcedRequestMappingHandlerMapping - Mapped URL path [/v2/api-docs] onto method [springfox.documentation.swagger2.web.Swagger2Controller#getDocumentation(String, HttpServletRequest)]
2021-10-10 20:06:57.497 [restartedMain] INFO  o.s.b.d.autoconfigure.OptionalLiveReloadServer - LiveReload server is running on port 35729
2021-10-10 20:06:58.056 [restartedMain] INFO  org.apache.coyote.http11.Http11NioProtocol - Starting ProtocolHandler ["http-nio-8100"]
2021-10-10 20:06:58.078 [restartedMain] INFO  o.s.boot.web.embedded.tomcat.TomcatWebServer - Tomcat started on port(s): 8100 (http) with context path ''
2021-10-10 20:06:58.078 [restartedMain] INFO  s.d.s.web.plugins.DocumentationPluginsBootstrapper - Context refreshed
2021-10-10 20:06:58.088 [restartedMain] INFO  s.d.s.web.plugins.DocumentationPluginsBootstrapper - Found 1 custom documentation plugin(s)
2021-10-10 20:06:58.107 [restartedMain] INFO  s.d.spring.web.scanners.ApiListingReferenceScanner - Scanning for api listing references
2021-10-10 20:06:58.217 [restartedMain] INFO  com.origin.admin.OriginAdminApplication - Started OriginAdminApplication in 3.632 seconds (JVM running for 4.136)
2021-10-10 20:07:05.882 [http-nio-8100-exec-1] INFO  o.a.c.core.ContainerBase.[Tomcat].[localhost].[/] - Initializing Spring DispatcherServlet 'dispatcherServlet'
2021-10-10 20:07:05.883 [http-nio-8100-exec-1] INFO  org.springframework.web.servlet.DispatcherServlet - Initializing Servlet 'dispatcherServlet'
2021-10-10 20:07:05.884 [http-nio-8100-exec-1] INFO  org.springframework.web.servlet.DispatcherServlet - Completed initialization in 1 ms
2021-10-10 20:11:39.022 [SpringContextShutdownHook] INFO  com.alibaba.druid.pool.DruidDataSource - {dataSource-0} closing ...
2021-10-10 20:11:43.328 [restartedMain] INFO  com.origin.admin.OriginAdminApplication - Starting OriginAdminApplication using Java 1.8.0_212 on MrTen.local with PID 51901 (/Users/UserTen/滕雷工作站/AllProjectFile/origin/origin-admin/target/classes started by mrteng in /Users/UserTen/滕雷工作站/AllProjectFile/origin)
2021-10-10 20:11:43.330 [restartedMain] INFO  com.origin.admin.OriginAdminApplication - The following profiles are active: druid
2021-10-10 20:11:43.377 [restartedMain] INFO  o.s.b.d.env.DevToolsPropertyDefaultsPostProcessor - Devtools property defaults active! Set 'spring.devtools.add-properties' to 'false' to disable
2021-10-10 20:11:43.377 [restartedMain] INFO  o.s.b.d.env.DevToolsPropertyDefaultsPostProcessor - For additional web related logging consider setting the 'logging.level.web' property to 'DEBUG'
2021-10-10 20:11:44.143 [restartedMain] INFO  o.s.d.r.config.RepositoryConfigurationDelegate - Multiple Spring Data modules found, entering strict repository configuration mode!
2021-10-10 20:11:44.146 [restartedMain] INFO  o.s.d.r.config.RepositoryConfigurationDelegate - Bootstrapping Spring Data Redis repositories in DEFAULT mode.
2021-10-10 20:11:44.173 [restartedMain] INFO  o.s.d.r.config.RepositoryConfigurationDelegate - Finished Spring Data repository scanning in 17 ms. Found 0 Redis repository interfaces.
2021-10-10 20:11:44.332 [restartedMain] INFO  o.s.c.s.PostProcessorRegistrationDelegate$BeanPostProcessorChecker - Bean 'org.apache.shiro.spring.boot.autoconfigure.ShiroBeanAutoConfiguration' of type [org.apache.shiro.spring.boot.autoconfigure.ShiroBeanAutoConfiguration$$EnhancerBySpringCGLIB$$c1c0ed88] is not eligible for getting processed by all BeanPostProcessors (for example: not eligible for auto-proxying)
2021-10-10 20:11:44.340 [restartedMain] INFO  o.s.c.s.PostProcessorRegistrationDelegate$BeanPostProcessorChecker - Bean 'org.apache.shiro.spring.boot.autoconfigure.ShiroAnnotationProcessorAutoConfiguration' of type [org.apache.shiro.spring.boot.autoconfigure.ShiroAnnotationProcessorAutoConfiguration$$EnhancerBySpringCGLIB$$c4542c2d] is not eligible for getting processed by all BeanPostProcessors (for example: not eligible for auto-proxying)
2021-10-10 20:11:44.496 [restartedMain] INFO  o.s.c.s.PostProcessorRegistrationDelegate$BeanPostProcessorChecker - Bean 'shiroConfig' of type [com.origin.admin.config.ShiroConfig$$EnhancerBySpringCGLIB$$2378c47e] is not eligible for getting processed by all BeanPostProcessors (for example: not eligible for auto-proxying)
2021-10-10 20:11:44.524 [restartedMain] INFO  com.origin.admin.utils.shiro.RedisCacheManager - RedisCacheManager.cacheName:com.origin.admin.utils.shiro.CustomerRealm.authorizationCache
2021-10-10 20:11:44.528 [restartedMain] INFO  com.origin.admin.utils.shiro.RedisCacheManager - RedisCacheManager.cacheName:authenticationCache
2021-10-10 20:11:44.528 [restartedMain] INFO  o.s.c.s.PostProcessorRegistrationDelegate$BeanPostProcessorChecker - Bean 'getRealm' of type [com.origin.admin.utils.shiro.CustomerRealm] is not eligible for getting processed by all BeanPostProcessors (for example: not eligible for auto-proxying)
2021-10-10 20:11:44.666 [restartedMain] INFO  o.s.c.s.PostProcessorRegistrationDelegate$BeanPostProcessorChecker - Bean 'getDefaultWebSecurityManager' of type [org.apache.shiro.web.mgt.DefaultWebSecurityManager] is not eligible for getting processed by all BeanPostProcessors (for example: not eligible for auto-proxying)
2021-10-10 20:11:44.688 [restartedMain] INFO  o.s.c.s.PostProcessorRegistrationDelegate$BeanPostProcessorChecker - Bean 'authorizationAttributeSourceAdvisor' of type [org.apache.shiro.spring.security.interceptor.AuthorizationAttributeSourceAdvisor] is not eligible for getting processed by all BeanPostProcessors (for example: not eligible for auto-proxying)
2021-10-10 20:11:44.698 [restartedMain] INFO  o.s.c.s.PostProcessorRegistrationDelegate$BeanPostProcessorChecker - Bean 'eventBus' of type [org.apache.shiro.event.support.DefaultEventBus] is not eligible for getting processed by all BeanPostProcessors (for example: not eligible for auto-proxying)
2021-10-10 20:11:45.015 [restartedMain] INFO  o.s.boot.web.embedded.tomcat.TomcatWebServer - Tomcat initialized with port(s): 8100 (http)
2021-10-10 20:11:45.022 [restartedMain] INFO  org.apache.coyote.http11.Http11NioProtocol - Initializing ProtocolHandler ["http-nio-8100"]
2021-10-10 20:11:45.022 [restartedMain] INFO  org.apache.catalina.core.StandardService - Starting service [Tomcat]
2021-10-10 20:11:45.023 [restartedMain] INFO  org.apache.catalina.core.StandardEngine - Starting Servlet engine: [Apache Tomcat/9.0.50]
2021-10-10 20:11:45.070 [restartedMain] INFO  o.a.c.core.ContainerBase.[Tomcat].[localhost].[/] - Initializing Spring embedded WebApplicationContext
2021-10-10 20:11:45.071 [restartedMain] INFO  o.s.b.w.s.c.ServletWebServerApplicationContext - Root WebApplicationContext: initialization completed in 1693 ms
2021-10-10 20:11:46.023 [restartedMain] INFO  s.d.s.w.PropertySourcedRequestMappingHandlerMapping - Mapped URL path [/v2/api-docs] onto method [springfox.documentation.swagger2.web.Swagger2Controller#getDocumentation(String, HttpServletRequest)]
2021-10-10 20:11:46.240 [restartedMain] INFO  o.s.b.d.autoconfigure.OptionalLiveReloadServer - LiveReload server is running on port 35729
2021-10-10 20:11:46.817 [restartedMain] INFO  org.apache.coyote.http11.Http11NioProtocol - Starting ProtocolHandler ["http-nio-8100"]
2021-10-10 20:11:46.839 [restartedMain] INFO  o.s.boot.web.embedded.tomcat.TomcatWebServer - Tomcat started on port(s): 8100 (http) with context path ''
2021-10-10 20:11:46.839 [restartedMain] INFO  s.d.s.web.plugins.DocumentationPluginsBootstrapper - Context refreshed
2021-10-10 20:11:46.849 [restartedMain] INFO  s.d.s.web.plugins.DocumentationPluginsBootstrapper - Found 1 custom documentation plugin(s)
2021-10-10 20:11:46.868 [restartedMain] INFO  s.d.spring.web.scanners.ApiListingReferenceScanner - Scanning for api listing references
2021-10-10 20:11:46.976 [restartedMain] INFO  com.origin.admin.OriginAdminApplication - Started OriginAdminApplication in 3.945 seconds (JVM running for 4.497)
2021-10-10 20:12:10.341 [http-nio-8100-exec-1] INFO  o.a.c.core.ContainerBase.[Tomcat].[localhost].[/] - Initializing Spring DispatcherServlet 'dispatcherServlet'
2021-10-10 20:12:10.342 [http-nio-8100-exec-1] INFO  org.springframework.web.servlet.DispatcherServlet - Initializing Servlet 'dispatcherServlet'
2021-10-10 20:12:10.344 [http-nio-8100-exec-1] INFO  org.springframework.web.servlet.DispatcherServlet - Completed initialization in 2 ms
2021-10-10 20:44:19.196 [SpringContextShutdownHook] INFO  com.alibaba.druid.pool.DruidDataSource - {dataSource-0} closing ...
2021-10-10 20:44:23.543 [restartedMain] INFO  com.origin.admin.OriginAdminApplication - Starting OriginAdminApplication using Java 1.8.0_212 on MrTen.local with PID 52171 (/Users/UserTen/滕雷工作站/AllProjectFile/origin/origin-admin/target/classes started by mrteng in /Users/UserTen/滕雷工作站/AllProjectFile/origin)
2021-10-10 20:44:23.545 [restartedMain] INFO  com.origin.admin.OriginAdminApplication - The following profiles are active: druid
2021-10-10 20:44:23.577 [restartedMain] INFO  o.s.b.d.env.DevToolsPropertyDefaultsPostProcessor - Devtools property defaults active! Set 'spring.devtools.add-properties' to 'false' to disable
2021-10-10 20:44:23.577 [restartedMain] INFO  o.s.b.d.env.DevToolsPropertyDefaultsPostProcessor - For additional web related logging consider setting the 'logging.level.web' property to 'DEBUG'
2021-10-10 20:44:24.279 [restartedMain] INFO  o.s.d.r.config.RepositoryConfigurationDelegate - Multiple Spring Data modules found, entering strict repository configuration mode!
2021-10-10 20:44:24.281 [restartedMain] INFO  o.s.d.r.config.RepositoryConfigurationDelegate - Bootstrapping Spring Data Redis repositories in DEFAULT mode.
2021-10-10 20:44:24.305 [restartedMain] INFO  o.s.d.r.config.RepositoryConfigurationDelegate - Finished Spring Data repository scanning in 13 ms. Found 0 Redis repository interfaces.
2021-10-10 20:44:24.443 [restartedMain] INFO  o.s.c.s.PostProcessorRegistrationDelegate$BeanPostProcessorChecker - Bean 'org.apache.shiro.spring.boot.autoconfigure.ShiroBeanAutoConfiguration' of type [org.apache.shiro.spring.boot.autoconfigure.ShiroBeanAutoConfiguration$$EnhancerBySpringCGLIB$$55dadd90] is not eligible for getting processed by all BeanPostProcessors (for example: not eligible for auto-proxying)
2021-10-10 20:44:24.451 [restartedMain] INFO  o.s.c.s.PostProcessorRegistrationDelegate$BeanPostProcessorChecker - Bean 'org.apache.shiro.spring.boot.autoconfigure.ShiroAnnotationProcessorAutoConfiguration' of type [org.apache.shiro.spring.boot.autoconfigure.ShiroAnnotationProcessorAutoConfiguration$$EnhancerBySpringCGLIB$$586e1c35] is not eligible for getting processed by all BeanPostProcessors (for example: not eligible for auto-proxying)
2021-10-10 20:44:24.615 [restartedMain] INFO  o.s.c.s.PostProcessorRegistrationDelegate$BeanPostProcessorChecker - Bean 'shiroConfig' of type [com.origin.admin.config.ShiroConfig$$EnhancerBySpringCGLIB$$b792b486] is not eligible for getting processed by all BeanPostProcessors (for example: not eligible for auto-proxying)
2021-10-10 20:44:24.642 [restartedMain] INFO  com.origin.admin.utils.shiro.RedisCacheManager - RedisCacheManager.cacheName:com.origin.admin.utils.shiro.CustomerRealm.authorizationCache
2021-10-10 20:44:24.645 [restartedMain] INFO  com.origin.admin.utils.shiro.RedisCacheManager - RedisCacheManager.cacheName:authenticationCache
2021-10-10 20:44:24.645 [restartedMain] INFO  o.s.c.s.PostProcessorRegistrationDelegate$BeanPostProcessorChecker - Bean 'getRealm' of type [com.origin.admin.utils.shiro.CustomerRealm] is not eligible for getting processed by all BeanPostProcessors (for example: not eligible for auto-proxying)
2021-10-10 20:44:24.780 [restartedMain] INFO  o.s.c.s.PostProcessorRegistrationDelegate$BeanPostProcessorChecker - Bean 'getDefaultWebSecurityManager' of type [org.apache.shiro.web.mgt.DefaultWebSecurityManager] is not eligible for getting processed by all BeanPostProcessors (for example: not eligible for auto-proxying)
2021-10-10 20:44:24.804 [restartedMain] INFO  o.s.c.s.PostProcessorRegistrationDelegate$BeanPostProcessorChecker - Bean 'authorizationAttributeSourceAdvisor' of type [org.apache.shiro.spring.security.interceptor.AuthorizationAttributeSourceAdvisor] is not eligible for getting processed by all BeanPostProcessors (for example: not eligible for auto-proxying)
2021-10-10 20:44:24.814 [restartedMain] INFO  o.s.c.s.PostProcessorRegistrationDelegate$BeanPostProcessorChecker - Bean 'eventBus' of type [org.apache.shiro.event.support.DefaultEventBus] is not eligible for getting processed by all BeanPostProcessors (for example: not eligible for auto-proxying)
2021-10-10 20:44:25.102 [restartedMain] INFO  o.s.boot.web.embedded.tomcat.TomcatWebServer - Tomcat initialized with port(s): 8100 (http)
2021-10-10 20:44:25.108 [restartedMain] INFO  org.apache.coyote.http11.Http11NioProtocol - Initializing ProtocolHandler ["http-nio-8100"]
2021-10-10 20:44:25.109 [restartedMain] INFO  org.apache.catalina.core.StandardService - Starting service [Tomcat]
2021-10-10 20:44:25.109 [restartedMain] INFO  org.apache.catalina.core.StandardEngine - Starting Servlet engine: [Apache Tomcat/9.0.50]
2021-10-10 20:44:25.152 [restartedMain] INFO  o.a.c.core.ContainerBase.[Tomcat].[localhost].[/] - Initializing Spring embedded WebApplicationContext
2021-10-10 20:44:25.152 [restartedMain] INFO  o.s.b.w.s.c.ServletWebServerApplicationContext - Root WebApplicationContext: initialization completed in 1574 ms
2021-10-10 20:44:26.044 [restartedMain] INFO  s.d.s.w.PropertySourcedRequestMappingHandlerMapping - Mapped URL path [/v2/api-docs] onto method [springfox.documentation.swagger2.web.Swagger2Controller#getDocumentation(String, HttpServletRequest)]
2021-10-10 20:44:26.263 [restartedMain] INFO  o.s.b.d.autoconfigure.OptionalLiveReloadServer - LiveReload server is running on port 35729
2021-10-10 20:44:26.831 [restartedMain] INFO  org.apache.coyote.http11.Http11NioProtocol - Starting ProtocolHandler ["http-nio-8100"]
2021-10-10 20:44:26.854 [restartedMain] INFO  o.s.boot.web.embedded.tomcat.TomcatWebServer - Tomcat started on port(s): 8100 (http) with context path ''
2021-10-10 20:44:26.855 [restartedMain] INFO  s.d.s.web.plugins.DocumentationPluginsBootstrapper - Context refreshed
2021-10-10 20:44:26.867 [restartedMain] INFO  s.d.s.web.plugins.DocumentationPluginsBootstrapper - Found 1 custom documentation plugin(s)
2021-10-10 20:44:26.887 [restartedMain] INFO  s.d.spring.web.scanners.ApiListingReferenceScanner - Scanning for api listing references
2021-10-10 20:44:27.007 [restartedMain] INFO  com.origin.admin.OriginAdminApplication - Started OriginAdminApplication in 3.734 seconds (JVM running for 4.247)
2021-10-10 20:44:35.479 [http-nio-8100-exec-1] INFO  o.a.c.core.ContainerBase.[Tomcat].[localhost].[/] - Initializing Spring DispatcherServlet 'dispatcherServlet'
2021-10-10 20:44:35.480 [http-nio-8100-exec-1] INFO  org.springframework.web.servlet.DispatcherServlet - Initializing Servlet 'dispatcherServlet'
2021-10-10 20:44:35.483 [http-nio-8100-exec-1] INFO  org.springframework.web.servlet.DispatcherServlet - Completed initialization in 3 ms
2021-10-10 20:49:35.647 [SpringContextShutdownHook] INFO  com.alibaba.druid.pool.DruidDataSource - {dataSource-0} closing ...
2021-10-10 20:49:40.393 [restartedMain] INFO  com.origin.admin.OriginAdminApplication - Starting OriginAdminApplication using Java 1.8.0_212 on MrTen.local with PID 52216 (/Users/UserTen/滕雷工作站/AllProjectFile/origin/origin-admin/target/classes started by mrteng in /Users/UserTen/滕雷工作站/AllProjectFile/origin)
2021-10-10 20:49:40.395 [restartedMain] INFO  com.origin.admin.OriginAdminApplication - The following profiles are active: druid
2021-10-10 20:49:40.432 [restartedMain] INFO  o.s.b.d.env.DevToolsPropertyDefaultsPostProcessor - Devtools property defaults active! Set 'spring.devtools.add-properties' to 'false' to disable
2021-10-10 20:49:40.432 [restartedMain] INFO  o.s.b.d.env.DevToolsPropertyDefaultsPostProcessor - For additional web related logging consider setting the 'logging.level.web' property to 'DEBUG'
2021-10-10 20:49:41.111 [restartedMain] INFO  o.s.d.r.config.RepositoryConfigurationDelegate - Multiple Spring Data modules found, entering strict repository configuration mode!
2021-10-10 20:49:41.113 [restartedMain] INFO  o.s.d.r.config.RepositoryConfigurationDelegate - Bootstrapping Spring Data Redis repositories in DEFAULT mode.
2021-10-10 20:49:41.135 [restartedMain] INFO  o.s.d.r.config.RepositoryConfigurationDelegate - Finished Spring Data repository scanning in 13 ms. Found 0 Redis repository interfaces.
2021-10-10 20:49:41.289 [restartedMain] INFO  o.s.c.s.PostProcessorRegistrationDelegate$BeanPostProcessorChecker - Bean 'org.apache.shiro.spring.boot.autoconfigure.ShiroBeanAutoConfiguration' of type [org.apache.shiro.spring.boot.autoconfigure.ShiroBeanAutoConfiguration$$EnhancerBySpringCGLIB$$60bd755] is not eligible for getting processed by all BeanPostProcessors (for example: not eligible for auto-proxying)
2021-10-10 20:49:41.298 [restartedMain] INFO  o.s.c.s.PostProcessorRegistrationDelegate$BeanPostProcessorChecker - Bean 'org.apache.shiro.spring.boot.autoconfigure.ShiroAnnotationProcessorAutoConfiguration' of type [org.apache.shiro.spring.boot.autoconfigure.ShiroAnnotationProcessorAutoConfiguration$$EnhancerBySpringCGLIB$$89f15fa] is not eligible for getting processed by all BeanPostProcessors (for example: not eligible for auto-proxying)
2021-10-10 20:49:41.479 [restartedMain] INFO  o.s.c.s.PostProcessorRegistrationDelegate$BeanPostProcessorChecker - Bean 'shiroConfig' of type [com.origin.admin.config.ShiroConfig$$EnhancerBySpringCGLIB$$67c3ae4b] is not eligible for getting processed by all BeanPostProcessors (for example: not eligible for auto-proxying)
2021-10-10 20:49:41.507 [restartedMain] INFO  com.origin.admin.utils.shiro.RedisCacheManager - RedisCacheManager.cacheName:com.origin.admin.utils.shiro.CustomerRealm.authorizationCache
2021-10-10 20:49:41.510 [restartedMain] INFO  com.origin.admin.utils.shiro.RedisCacheManager - RedisCacheManager.cacheName:authenticationCache
2021-10-10 20:49:41.510 [restartedMain] INFO  o.s.c.s.PostProcessorRegistrationDelegate$BeanPostProcessorChecker - Bean 'getRealm' of type [com.origin.admin.utils.shiro.CustomerRealm] is not eligible for getting processed by all BeanPostProcessors (for example: not eligible for auto-proxying)
2021-10-10 20:49:41.643 [restartedMain] INFO  o.s.c.s.PostProcessorRegistrationDelegate$BeanPostProcessorChecker - Bean 'getDefaultWebSecurityManager' of type [org.apache.shiro.web.mgt.DefaultWebSecurityManager] is not eligible for getting processed by all BeanPostProcessors (for example: not eligible for auto-proxying)
2021-10-10 20:49:41.665 [restartedMain] INFO  o.s.c.s.PostProcessorRegistrationDelegate$BeanPostProcessorChecker - Bean 'authorizationAttributeSourceAdvisor' of type [org.apache.shiro.spring.security.interceptor.AuthorizationAttributeSourceAdvisor] is not eligible for getting processed by all BeanPostProcessors (for example: not eligible for auto-proxying)
2021-10-10 20:49:41.674 [restartedMain] INFO  o.s.c.s.PostProcessorRegistrationDelegate$BeanPostProcessorChecker - Bean 'eventBus' of type [org.apache.shiro.event.support.DefaultEventBus] is not eligible for getting processed by all BeanPostProcessors (for example: not eligible for auto-proxying)
2021-10-10 20:49:41.964 [restartedMain] INFO  o.s.boot.web.embedded.tomcat.TomcatWebServer - Tomcat initialized with port(s): 8100 (http)
2021-10-10 20:49:41.971 [restartedMain] INFO  org.apache.coyote.http11.Http11NioProtocol - Initializing ProtocolHandler ["http-nio-8100"]
2021-10-10 20:49:41.972 [restartedMain] INFO  org.apache.catalina.core.StandardService - Starting service [Tomcat]
2021-10-10 20:49:41.972 [restartedMain] INFO  org.apache.catalina.core.StandardEngine - Starting Servlet engine: [Apache Tomcat/9.0.50]
2021-10-10 20:49:42.018 [restartedMain] INFO  o.a.c.core.ContainerBase.[Tomcat].[localhost].[/] - Initializing Spring embedded WebApplicationContext
2021-10-10 20:49:42.018 [restartedMain] INFO  o.s.b.w.s.c.ServletWebServerApplicationContext - Root WebApplicationContext: initialization completed in 1585 ms
2021-10-10 20:49:42.920 [restartedMain] INFO  s.d.s.w.PropertySourcedRequestMappingHandlerMapping - Mapped URL path [/v2/api-docs] onto method [springfox.documentation.swagger2.web.Swagger2Controller#getDocumentation(String, HttpServletRequest)]
2021-10-10 20:49:43.169 [restartedMain] INFO  o.s.b.d.autoconfigure.OptionalLiveReloadServer - LiveReload server is running on port 35729
2021-10-10 20:49:43.727 [restartedMain] INFO  org.apache.coyote.http11.Http11NioProtocol - Starting ProtocolHandler ["http-nio-8100"]
2021-10-10 20:49:43.749 [restartedMain] INFO  o.s.boot.web.embedded.tomcat.TomcatWebServer - Tomcat started on port(s): 8100 (http) with context path ''
2021-10-10 20:49:43.750 [restartedMain] INFO  s.d.s.web.plugins.DocumentationPluginsBootstrapper - Context refreshed
2021-10-10 20:49:43.760 [restartedMain] INFO  s.d.s.web.plugins.DocumentationPluginsBootstrapper - Found 1 custom documentation plugin(s)
2021-10-10 20:49:43.779 [restartedMain] INFO  s.d.spring.web.scanners.ApiListingReferenceScanner - Scanning for api listing references
2021-10-10 20:49:43.889 [restartedMain] INFO  com.origin.admin.OriginAdminApplication - Started OriginAdminApplication in 3.764 seconds (JVM running for 4.278)
2021-10-10 20:49:57.964 [http-nio-8100-exec-1] INFO  o.a.c.core.ContainerBase.[Tomcat].[localhost].[/] - Initializing Spring DispatcherServlet 'dispatcherServlet'
2021-10-10 20:49:57.965 [http-nio-8100-exec-1] INFO  org.springframework.web.servlet.DispatcherServlet - Initializing Servlet 'dispatcherServlet'
2021-10-10 20:49:57.966 [http-nio-8100-exec-1] INFO  org.springframework.web.servlet.DispatcherServlet - Completed initialization in 1 ms
